[9.503s] Invoking command in '/home/rens/linorobot2_ws/build/linorobot2_gazebo': PYTHONPATH=/home/rens/linorobot2_ws/build/linorobot2_gazebo/prefix_override:/usr/lib/python3/dist-packages/colcon_core/task/python/colcon_distutils_commands:/home/rens/linorobot2_ws/install/linorobot2_gazebo/lib/python3.12/site-packages:${PYTHONPATH} /usr/bin/python3 -W ignore:setup.py install is deprecated -W ignore:easy_install command is deprecated setup.py develop --editable --build-directory /home/rens/linorobot2_ws/build/linorobot2_gazebo/build --no-deps symlink_data
[12.675s] running develop
[14.200s] running egg_info
[14.201s] creating linorobot2_gazebo.egg-info
[14.349s] writing linorobot2_gazebo.egg-info/PKG-INFO
[14.351s] writing dependency_links to linorobot2_gazebo.egg-info/dependency_links.txt
[14.352s] writing entry points to linorobot2_gazebo.egg-info/entry_points.txt
[14.352s] writing top-level names to linorobot2_gazebo.egg-info/top_level.txt
[14.353s] writing manifest file 'linorobot2_gazebo.egg-info/SOURCES.txt'
[14.620s] reading manifest file 'linorobot2_gazebo.egg-info/SOURCES.txt'
[14.623s] writing manifest file 'linorobot2_gazebo.egg-info/SOURCES.txt'
[14.770s] running build_ext
[14.770s] Creating /home/rens/linorobot2_ws/install/linorobot2_gazebo/lib/python3.12/site-packages/linorobot2-gazebo.egg-link (link to .)
[14.776s] Installing command_timeout script to /home/rens/linorobot2_ws/install/linorobot2_gazebo/lib/linorobot2_gazebo
[14.777s] 
[14.777s] Installed /home/rens/linorobot2_ws/build/linorobot2_gazebo
[14.782s] running symlink_data
[14.783s] creating /home/rens/linorobot2_ws/install/linorobot2_gazebo/share/ament_index
[14.784s] creating /home/rens/linorobot2_ws/install/linorobot2_gazebo/share/ament_index/resource_index
[14.784s] creating /home/rens/linorobot2_ws/install/linorobot2_gazebo/share/ament_index/resource_index/packages
[14.785s] symbolically linking /home/rens/linorobot2_ws/build/linorobot2_gazebo/resource/linorobot2_gazebo -> /home/rens/linorobot2_ws/install/linorobot2_gazebo/share/ament_index/resource_index/packages
[14.790s] symbolically linking /home/rens/linorobot2_ws/build/linorobot2_gazebo/package.xml -> /home/rens/linorobot2_ws/install/linorobot2_gazebo/share/linorobot2_gazebo
[14.791s] creating /home/rens/linorobot2_ws/install/linorobot2_gazebo/share/linorobot2_gazebo/launch
[14.795s] symbolically linking /home/rens/linorobot2_ws/build/linorobot2_gazebo/launch/gazebo.launch.py -> /home/rens/linorobot2_ws/install/linorobot2_gazebo/share/linorobot2_gazebo/launch
[14.801s] creating /home/rens/linorobot2_ws/install/linorobot2_gazebo/share/linorobot2_gazebo/worlds
[14.806s] symbolically linking /home/rens/linorobot2_ws/build/linorobot2_gazebo/worlds/turtlebot3_world.sdf -> /home/rens/linorobot2_ws/install/linorobot2_gazebo/share/linorobot2_gazebo/worlds
[14.808s] symbolically linking /home/rens/linorobot2_ws/build/linorobot2_gazebo/worlds/playground.sdf -> /home/rens/linorobot2_ws/install/linorobot2_gazebo/share/linorobot2_gazebo/worlds
[14.813s] creating /home/rens/linorobot2_ws/install/linorobot2_gazebo/share/linorobot2_gazebo/rviz
[14.817s] symbolically linking /home/rens/linorobot2_ws/build/linorobot2_gazebo/rviz/view_urdf.rviz -> /home/rens/linorobot2_ws/install/linorobot2_gazebo/share/linorobot2_gazebo/rviz
[14.818s] symbolically linking /home/rens/linorobot2_ws/build/linorobot2_gazebo/hook/linorobot2_gazebo.sh -> /home/rens/linorobot2_ws/install/linorobot2_gazebo/share/linorobot2_gazebo/hook
[14.823s] creating /home/rens/linorobot2_ws/install/linorobot2_gazebo/share/linorobot2_gazebo/models
[14.827s] creating /home/rens/linorobot2_ws/install/linorobot2_gazebo/share/linorobot2_gazebo/models/turtlebot3_world
[14.828s] symbolically linking /home/rens/linorobot2_ws/build/linorobot2_gazebo/models/turtlebot3_world/model.sdf -> /home/rens/linorobot2_ws/install/linorobot2_gazebo/share/linorobot2_gazebo/models/turtlebot3_world
[14.833s] symbolically linking /home/rens/linorobot2_ws/build/linorobot2_gazebo/models/turtlebot3_world/model-1_4.sdf -> /home/rens/linorobot2_ws/install/linorobot2_gazebo/share/linorobot2_gazebo/models/turtlebot3_world
[14.835s] symbolically linking /home/rens/linorobot2_ws/build/linorobot2_gazebo/models/turtlebot3_world/model.config -> /home/rens/linorobot2_ws/install/linorobot2_gazebo/share/linorobot2_gazebo/models/turtlebot3_world
[14.836s] creating /home/rens/linorobot2_ws/install/linorobot2_gazebo/share/linorobot2_gazebo/models/turtlebot3_world/meshes
[14.841s] symbolically linking /home/rens/linorobot2_ws/build/linorobot2_gazebo/models/turtlebot3_world/meshes/wall.dae -> /home/rens/linorobot2_ws/install/linorobot2_gazebo/share/linorobot2_gazebo/models/turtlebot3_world/meshes
[14.846s] symbolically linking /home/rens/linorobot2_ws/build/linorobot2_gazebo/models/turtlebot3_world/meshes/hexagon.dae -> /home/rens/linorobot2_ws/install/linorobot2_gazebo/share/linorobot2_gazebo/models/turtlebot3_world/meshes
[15.009s] Invoked command in '/home/rens/linorobot2_ws/build/linorobot2_gazebo' returned '0': PYTHONPATH=/home/rens/linorobot2_ws/build/linorobot2_gazebo/prefix_override:/usr/lib/python3/dist-packages/colcon_core/task/python/colcon_distutils_commands:/home/rens/linorobot2_ws/install/linorobot2_gazebo/lib/python3.12/site-packages:${PYTHONPATH} /usr/bin/python3 -W ignore:setup.py install is deprecated -W ignore:easy_install command is deprecated setup.py develop --editable --build-directory /home/rens/linorobot2_ws/build/linorobot2_gazebo/build --no-deps symlink_data
