[0.146s] Invoking command in '/home/rens/linorobot2_ws/build/linorobot2_base': CMAKE_PREFIX_PATH=${CMAKE_PREFIX_PATH}:/opt/ros/jazzy /usr/bin/cmake /home/rens/linorobot2_ws/src/linorobot2/linorobot2_base -DCMAKE_INSTALL_PREFIX=/home/rens/linorobot2_ws/install/linorobot2_base
[0.457s] -- Found ament_cmake: 2.5.4 (/opt/ros/jazzy/share/ament_cmake/cmake)
[2.014s] -- Override CMake install command with custom implementation using symlinks instead of copying resources
[2.789s] -- Configuring done (2.4s)
[2.847s] -- Generating done (0.0s)
[2.882s] -- Build files have been written to: /home/rens/linorobot2_ws/build/linorobot2_base
[2.885s] Invoked command in '/home/rens/linorobot2_ws/build/linorobot2_base' returned '0': CMAKE_PREFIX_PATH=${CMAKE_PREFIX_PATH}:/opt/ros/jazzy /usr/bin/cmake /home/rens/linorobot2_ws/src/linorobot2/linorobot2_base -DCMAKE_INSTALL_PREFIX=/home/rens/linorobot2_ws/install/linorobot2_base
[2.890s] Invoking command in '/home/rens/linorobot2_ws/build/linorobot2_base': CMAKE_PREFIX_PATH=${CMAKE_PREFIX_PATH}:/opt/ros/jazzy /usr/bin/cmake --build /home/rens/linorobot2_ws/build/linorobot2_base -- -j4 -l4
[3.225s] Invoked command in '/home/rens/linorobot2_ws/build/linorobot2_base' returned '0': CMAKE_PREFIX_PATH=${CMAKE_PREFIX_PATH}:/opt/ros/jazzy /usr/bin/cmake --build /home/rens/linorobot2_ws/build/linorobot2_base -- -j4 -l4
[3.305s] Invoking command in '/home/rens/linorobot2_ws/build/linorobot2_base': CMAKE_PREFIX_PATH=${CMAKE_PREFIX_PATH}:/opt/ros/jazzy /usr/bin/cmake --install /home/rens/linorobot2_ws/build/linorobot2_base
[3.376s] -- Install configuration: ""
[3.378s] -- Execute custom install script
[3.384s] -- Up-to-date symlink: /home/rens/linorobot2_ws/install/linorobot2_base/share/linorobot2_base/config/ekf.yaml
[3.384s] -- Up-to-date symlink: /home/rens/linorobot2_ws/install/linorobot2_base/share/ament_index/resource_index/package_run_dependencies/linorobot2_base
[3.387s] -- Up-to-date symlink: /home/rens/linorobot2_ws/install/linorobot2_base/share/ament_index/resource_index/parent_prefix_path/linorobot2_base
[3.392s] -- Up-to-date symlink: /home/rens/linorobot2_ws/install/linorobot2_base/share/linorobot2_base/environment/ament_prefix_path.sh
[3.393s] -- Up-to-date symlink: /home/rens/linorobot2_ws/install/linorobot2_base/share/linorobot2_base/environment/ament_prefix_path.dsv
[3.399s] -- Up-to-date symlink: /home/rens/linorobot2_ws/install/linorobot2_base/share/linorobot2_base/environment/path.sh
[3.400s] -- Up-to-date symlink: /home/rens/linorobot2_ws/install/linorobot2_base/share/linorobot2_base/environment/path.dsv
[3.401s] -- Up-to-date symlink: /home/rens/linorobot2_ws/install/linorobot2_base/share/linorobot2_base/local_setup.bash
[3.406s] -- Up-to-date symlink: /home/rens/linorobot2_ws/install/linorobot2_base/share/linorobot2_base/local_setup.sh
[3.408s] -- Up-to-date symlink: /home/rens/linorobot2_ws/install/linorobot2_base/share/linorobot2_base/local_setup.zsh
[3.409s] -- Up-to-date symlink: /home/rens/linorobot2_ws/install/linorobot2_base/share/linorobot2_base/local_setup.dsv
[3.409s] -- Symlinking: /home/rens/linorobot2_ws/install/linorobot2_base/share/linorobot2_base/package.dsv
[3.500s] -- Up-to-date symlink: /home/rens/linorobot2_ws/install/linorobot2_base/share/ament_index/resource_index/packages/linorobot2_base
[3.502s] -- Up-to-date symlink: /home/rens/linorobot2_ws/install/linorobot2_base/share/linorobot2_base/cmake/linorobot2_baseConfig.cmake
[3.505s] -- Up-to-date symlink: /home/rens/linorobot2_ws/install/linorobot2_base/share/linorobot2_base/cmake/linorobot2_baseConfig-version.cmake
[3.507s] -- Up-to-date symlink: /home/rens/linorobot2_ws/install/linorobot2_base/share/linorobot2_base/package.xml
[3.521s] Invoked command in '/home/rens/linorobot2_ws/build/linorobot2_base' returned '0': CMAKE_PREFIX_PATH=${CMAKE_PREFIX_PATH}:/opt/ros/jazzy /usr/bin/cmake --install /home/rens/linorobot2_ws/build/linorobot2_base
