[0.305s] Invoking command in '/home/rens/linorobot2_ws/build/micro_ros_setup': CMAKE_PREFIX_PATH=${CMAKE_PREFIX_PATH}:/opt/ros/jazzy /usr/bin/cmake --build /home/rens/linorobot2_ws/build/micro_ros_setup -- -j4 -l4
[0.799s] Invoked command in '/home/rens/linorobot2_ws/build/micro_ros_setup' returned '0': CMAKE_PREFIX_PATH=${CMAKE_PREFIX_PATH}:/opt/ros/jazzy /usr/bin/cmake --build /home/rens/linorobot2_ws/build/micro_ros_setup -- -j4 -l4
[0.800s] Invoking command in '/home/rens/linorobot2_ws/build/micro_ros_setup': CMAKE_PREFIX_PATH=${CMAKE_PREFIX_PATH}:/opt/ros/jazzy /usr/bin/cmake --install /home/rens/linorobot2_ws/build/micro_ros_setup
[0.935s] -- Install configuration: ""
[0.940s] -- Execute custom install script
[0.946s] -- Up-to-date symlink: /home/rens/linorobot2_ws/install/micro_ros_setup/share/ament_index/resource_index/package_run_dependencies/micro_ros_setup
[0.952s] -- Up-to-date symlink: /home/rens/linorobot2_ws/install/micro_ros_setup/share/ament_index/resource_index/parent_prefix_path/micro_ros_setup
[0.955s] -- Up-to-date symlink: /home/rens/linorobot2_ws/install/micro_ros_setup/share/micro_ros_setup/environment/ament_prefix_path.sh
[0.957s] -- Up-to-date symlink: /home/rens/linorobot2_ws/install/micro_ros_setup/share/micro_ros_setup/environment/ament_prefix_path.dsv
[0.963s] -- Up-to-date symlink: /home/rens/linorobot2_ws/install/micro_ros_setup/share/micro_ros_setup/environment/path.sh
[0.969s] -- Up-to-date symlink: /home/rens/linorobot2_ws/install/micro_ros_setup/share/micro_ros_setup/environment/path.dsv
[0.970s] -- Up-to-date symlink: /home/rens/linorobot2_ws/install/micro_ros_setup/share/micro_ros_setup/local_setup.bash
[0.972s] -- Up-to-date symlink: /home/rens/linorobot2_ws/install/micro_ros_setup/share/micro_ros_setup/local_setup.sh
[0.977s] -- Up-to-date symlink: /home/rens/linorobot2_ws/install/micro_ros_setup/share/micro_ros_setup/local_setup.zsh
[0.978s] -- Up-to-date symlink: /home/rens/linorobot2_ws/install/micro_ros_setup/share/micro_ros_setup/local_setup.dsv
[0.980s] -- Symlinking: /home/rens/linorobot2_ws/install/micro_ros_setup/share/micro_ros_setup/package.dsv
[1.064s] -- Up-to-date symlink: /home/rens/linorobot2_ws/install/micro_ros_setup/share/ament_index/resource_index/packages/micro_ros_setup
[1.064s] -- Up-to-date symlink: /home/rens/linorobot2_ws/install/micro_ros_setup/share/micro_ros_setup/cmake/micro_ros_setupConfig.cmake
[1.066s] -- Up-to-date symlink: /home/rens/linorobot2_ws/install/micro_ros_setup/share/micro_ros_setup/cmake/micro_ros_setupConfig-version.cmake
[1.072s] -- Up-to-date symlink: /home/rens/linorobot2_ws/install/micro_ros_setup/share/micro_ros_setup/package.xml
[1.077s] -- Up-to-date symlink: /home/rens/linorobot2_ws/install/micro_ros_setup/lib/micro_ros_setup/create_ws.sh
[1.080s] -- Up-to-date symlink: /home/rens/linorobot2_ws/install/micro_ros_setup/lib/micro_ros_setup/create_agent_ws.sh
[1.082s] -- Up-to-date symlink: /home/rens/linorobot2_ws/install/micro_ros_setup/lib/micro_ros_setup/create_firmware_ws.sh
[1.088s] -- Up-to-date symlink: /home/rens/linorobot2_ws/install/micro_ros_setup/lib/micro_ros_setup/configure_firmware.sh
[1.094s] -- Up-to-date symlink: /home/rens/linorobot2_ws/install/micro_ros_setup/lib/micro_ros_setup/flash_firmware.sh
[1.095s] -- Up-to-date symlink: /home/rens/linorobot2_ws/install/micro_ros_setup/lib/micro_ros_setup/build_firmware.sh
[1.095s] -- Up-to-date symlink: /home/rens/linorobot2_ws/install/micro_ros_setup/lib/micro_ros_setup/build_agent.sh
[1.098s] -- Up-to-date symlink: /home/rens/linorobot2_ws/install/micro_ros_setup/lib/micro_ros_setup/yaml_filter.py
[1.104s] -- Up-to-date symlink: /home/rens/linorobot2_ws/install/micro_ros_setup/lib/micro_ros_setup/clean_env.sh
[1.104s] -- Up-to-date symlink: /home/rens/linorobot2_ws/install/micro_ros_setup/lib/micro_ros_setup/component
[1.111s] -- Up-to-date: /home/rens/linorobot2_ws/install/micro_ros_setup/./config
[1.113s] -- Up-to-date: /home/rens/linorobot2_ws/install/micro_ros_setup/./config/generate_lib
[1.114s] -- Up-to-date: /home/rens/linorobot2_ws/install/micro_ros_setup/./config/generate_lib/generic
[1.114s] -- Up-to-date: /home/rens/linorobot2_ws/install/micro_ros_setup/./config/generate_lib/generic/demo_toolchain.cmake
[1.119s] -- Up-to-date: /home/rens/linorobot2_ws/install/micro_ros_setup/./config/generate_lib/generic/package.xml
[1.121s] -- Up-to-date: /home/rens/linorobot2_ws/install/micro_ros_setup/./config/generate_lib/generic/flash.sh
[1.121s] -- Up-to-date: /home/rens/linorobot2_ws/install/micro_ros_setup/./config/generate_lib/generic/client-colcon.meta
[1.122s] -- Up-to-date: /home/rens/linorobot2_ws/install/micro_ros_setup/./config/generate_lib/generic/create.sh
[1.122s] -- Up-to-date: /home/rens/linorobot2_ws/install/micro_ros_setup/./config/generate_lib/generic/client_uros_packages.repos
[1.123s] -- Up-to-date: /home/rens/linorobot2_ws/install/micro_ros_setup/./config/generate_lib/generic/build.sh
[1.128s] -- Up-to-date: /home/rens/linorobot2_ws/install/micro_ros_setup/./config/generate_lib/dev_ros2_packages.txt
[1.129s] -- Up-to-date: /home/rens/linorobot2_ws/install/micro_ros_setup/./config/generate_lib/dev_uros_packages.repos
[1.129s] -- Up-to-date: /home/rens/linorobot2_ws/install/micro_ros_setup/./config/host
[1.130s] -- Up-to-date: /home/rens/linorobot2_ws/install/micro_ros_setup/./config/host/client_ros2_packages.txt
[1.130s] -- Up-to-date: /home/rens/linorobot2_ws/install/micro_ros_setup/./config/host/generic
[1.133s] -- Up-to-date: /home/rens/linorobot2_ws/install/micro_ros_setup/./config/host/generic/client-host-colcon.meta
[1.134s] -- Up-to-date: /home/rens/linorobot2_ws/install/micro_ros_setup/./config/host/generic/package.xml
[1.134s] -- Up-to-date: /home/rens/linorobot2_ws/install/micro_ros_setup/./config/host/generic/flash.sh
[1.135s] -- Up-to-date: /home/rens/linorobot2_ws/install/micro_ros_setup/./config/host/generic/create.sh
[1.135s] -- Up-to-date: /home/rens/linorobot2_ws/install/micro_ros_setup/./config/host/generic/client_host_packages.repos
[1.140s] -- Up-to-date: /home/rens/linorobot2_ws/install/micro_ros_setup/./config/host/generic/build.sh
[1.140s] -- Up-to-date: /home/rens/linorobot2_ws/install/micro_ros_setup/./config/host/dev_ros2_packages.txt
[1.141s] -- Up-to-date: /home/rens/linorobot2_ws/install/micro_ros_setup/./config/host/dev_uros_packages.repos
[1.141s] -- Up-to-date: /home/rens/linorobot2_ws/install/micro_ros_setup/./config/utils.sh
[1.142s] -- Up-to-date: /home/rens/linorobot2_ws/install/micro_ros_setup/./config/zephyr
[1.146s] -- Up-to-date: /home/rens/linorobot2_ws/install/micro_ros_setup/./config/zephyr/list_apps.sh
[1.147s] -- Up-to-date: /home/rens/linorobot2_ws/install/micro_ros_setup/./config/zephyr/generic
[1.148s] -- Up-to-date: /home/rens/linorobot2_ws/install/micro_ros_setup/./config/zephyr/generic/package.xml
[1.148s] -- Up-to-date: /home/rens/linorobot2_ws/install/micro_ros_setup/./config/zephyr/generic/flash.sh
[1.149s] -- Up-to-date: /home/rens/linorobot2_ws/install/micro_ros_setup/./config/zephyr/generic/supported_platforms
[1.152s] -- Up-to-date: /home/rens/linorobot2_ws/install/micro_ros_setup/./config/zephyr/generic/client-colcon.meta
[1.153s] -- Up-to-date: /home/rens/linorobot2_ws/install/micro_ros_setup/./config/zephyr/generic/create.sh
[1.154s] -- Up-to-date: /home/rens/linorobot2_ws/install/micro_ros_setup/./config/zephyr/generic/client_uros_packages.repos
[1.154s] -- Up-to-date: /home/rens/linorobot2_ws/install/micro_ros_setup/./config/zephyr/generic/board.repos
[1.158s] -- Up-to-date: /home/rens/linorobot2_ws/install/micro_ros_setup/./config/zephyr/generic/build.sh
[1.158s] -- Up-to-date: /home/rens/linorobot2_ws/install/micro_ros_setup/./config/zephyr/generic/configure.sh
[1.159s] -- Up-to-date: /home/rens/linorobot2_ws/install/micro_ros_setup/./config/zephyr/dev_ros2_packages.txt
[1.160s] -- Up-to-date: /home/rens/linorobot2_ws/install/micro_ros_setup/./config/zephyr/dev_uros_packages.repos
[1.161s] -- Up-to-date: /home/rens/linorobot2_ws/install/micro_ros_setup/./config/client_ros2_packages.txt
[1.161s] -- Up-to-date: /home/rens/linorobot2_ws/install/micro_ros_setup/./config/agent_uros_packages.repos
[1.165s] -- Up-to-date: /home/rens/linorobot2_ws/install/micro_ros_setup/./config/raspbian
[1.166s] -- Up-to-date: /home/rens/linorobot2_ws/install/micro_ros_setup/./config/raspbian/generic
[1.166s] -- Up-to-date: /home/rens/linorobot2_ws/install/micro_ros_setup/./config/raspbian/generic/flash.sh
[1.167s] -- Up-to-date: /home/rens/linorobot2_ws/install/micro_ros_setup/./config/raspbian/generic/supported_platforms
[1.167s] -- Up-to-date: /home/rens/linorobot2_ws/install/micro_ros_setup/./config/raspbian/generic/client-colcon.meta
[1.169s] -- Up-to-date: /home/rens/linorobot2_ws/install/micro_ros_setup/./config/raspbian/generic/create.sh
[1.173s] -- Up-to-date: /home/rens/linorobot2_ws/install/micro_ros_setup/./config/raspbian/generic/client_uros_packages.repos
[1.174s] -- Up-to-date: /home/rens/linorobot2_ws/install/micro_ros_setup/./config/raspbian/generic/build.sh
[1.177s] -- Up-to-date: /home/rens/linorobot2_ws/install/micro_ros_setup/./config/raspbian/generic/configure.sh
[1.178s] -- Up-to-date: /home/rens/linorobot2_ws/install/micro_ros_setup/./config/raspbian/dev_ros2_packages.txt
[1.181s] -- Up-to-date: /home/rens/linorobot2_ws/install/micro_ros_setup/./config/raspbian/dev_uros_packages.repos
[1.184s] -- Up-to-date: /home/rens/linorobot2_ws/install/micro_ros_setup/./config/client_uros_packages.repos
[1.184s] -- Up-to-date: /home/rens/linorobot2_ws/install/micro_ros_setup/./config/android
[1.185s] -- Up-to-date: /home/rens/linorobot2_ws/install/micro_ros_setup/./config/android/generic
[1.186s] -- Up-to-date: /home/rens/linorobot2_ws/install/micro_ros_setup/./config/android/generic/package.xml
[1.186s] -- Up-to-date: /home/rens/linorobot2_ws/install/micro_ros_setup/./config/android/generic/flash.sh
[1.190s] -- Up-to-date: /home/rens/linorobot2_ws/install/micro_ros_setup/./config/android/generic/client-colcon.meta
[1.191s] -- Up-to-date: /home/rens/linorobot2_ws/install/micro_ros_setup/./config/android/generic/create.sh
[1.192s] -- Up-to-date: /home/rens/linorobot2_ws/install/micro_ros_setup/./config/android/generic/client_uros_packages.repos
[1.195s] -- Up-to-date: /home/rens/linorobot2_ws/install/micro_ros_setup/./config/android/generic/build.sh
[1.196s] -- Up-to-date: /home/rens/linorobot2_ws/install/micro_ros_setup/./config/android/dev_ros2_packages.txt
[1.196s] -- Up-to-date: /home/rens/linorobot2_ws/install/micro_ros_setup/./config/android/dev_uros_packages.repos
[1.197s] -- Up-to-date: /home/rens/linorobot2_ws/install/micro_ros_setup/./config/freertos
[1.197s] -- Up-to-date: /home/rens/linorobot2_ws/install/micro_ros_setup/./config/freertos/list_apps.sh
[1.201s] -- Up-to-date: /home/rens/linorobot2_ws/install/micro_ros_setup/./config/freertos/nucleo_f446re
[1.202s] -- Up-to-date: /home/rens/linorobot2_ws/install/micro_ros_setup/./config/freertos/nucleo_f446re/package.xml
[1.202s] -- Up-to-date: /home/rens/linorobot2_ws/install/micro_ros_setup/./config/freertos/nucleo_f446re/flash.sh
[1.203s] -- Up-to-date: /home/rens/linorobot2_ws/install/micro_ros_setup/./config/freertos/nucleo_f446re/client-colcon.meta
[1.207s] -- Up-to-date: /home/rens/linorobot2_ws/install/micro_ros_setup/./config/freertos/nucleo_f446re/create.sh
[1.208s] -- Up-to-date: /home/rens/linorobot2_ws/install/micro_ros_setup/./config/freertos/nucleo_f446re/client_uros_packages.repos
[1.208s] -- Up-to-date: /home/rens/linorobot2_ws/install/micro_ros_setup/./config/freertos/nucleo_f446re/board.repos
[1.209s] -- Up-to-date: /home/rens/linorobot2_ws/install/micro_ros_setup/./config/freertos/nucleo_f446re/build.sh
[1.212s] -- Up-to-date: /home/rens/linorobot2_ws/install/micro_ros_setup/./config/freertos/nucleo_f446re/configure.sh
[1.213s] -- Up-to-date: /home/rens/linorobot2_ws/install/micro_ros_setup/./config/freertos/nucleo_f446ze
[1.213s] -- Up-to-date: /home/rens/linorobot2_ws/install/micro_ros_setup/./config/freertos/nucleo_f446ze/package.xml
[1.214s] -- Up-to-date: /home/rens/linorobot2_ws/install/micro_ros_setup/./config/freertos/nucleo_f446ze/flash.sh
[1.215s] -- Up-to-date: /home/rens/linorobot2_ws/install/micro_ros_setup/./config/freertos/nucleo_f446ze/client-colcon.meta
[1.215s] -- Up-to-date: /home/rens/linorobot2_ws/install/micro_ros_setup/./config/freertos/nucleo_f446ze/create.sh
[1.216s] -- Up-to-date: /home/rens/linorobot2_ws/install/micro_ros_setup/./config/freertos/nucleo_f446ze/client_uros_packages.repos
[1.216s] -- Up-to-date: /home/rens/linorobot2_ws/install/micro_ros_setup/./config/freertos/nucleo_f446ze/board.repos
[1.220s] -- Up-to-date: /home/rens/linorobot2_ws/install/micro_ros_setup/./config/freertos/nucleo_f446ze/build.sh
[1.224s] -- Up-to-date: /home/rens/linorobot2_ws/install/micro_ros_setup/./config/freertos/nucleo_f446ze/configure.sh
[1.225s] -- Up-to-date: /home/rens/linorobot2_ws/install/micro_ros_setup/./config/freertos/olimex-stm32-e407
[1.225s] -- Up-to-date: /home/rens/linorobot2_ws/install/micro_ros_setup/./config/freertos/olimex-stm32-e407/package.xml
[1.225s] -- Up-to-date: /home/rens/linorobot2_ws/install/micro_ros_setup/./config/freertos/olimex-stm32-e407/flash.sh
[1.226s] -- Up-to-date: /home/rens/linorobot2_ws/install/micro_ros_setup/./config/freertos/olimex-stm32-e407/client-colcon.meta
[1.227s] -- Up-to-date: /home/rens/linorobot2_ws/install/micro_ros_setup/./config/freertos/olimex-stm32-e407/create.sh
[1.230s] -- Up-to-date: /home/rens/linorobot2_ws/install/micro_ros_setup/./config/freertos/olimex-stm32-e407/client_uros_packages.repos
[1.230s] -- Up-to-date: /home/rens/linorobot2_ws/install/micro_ros_setup/./config/freertos/olimex-stm32-e407/board.repos
[1.231s] -- Up-to-date: /home/rens/linorobot2_ws/install/micro_ros_setup/./config/freertos/olimex-stm32-e407/build.sh
[1.244s] -- Up-to-date: /home/rens/linorobot2_ws/install/micro_ros_setup/./config/freertos/olimex-stm32-e407/configure.sh
[1.244s] -- Up-to-date: /home/rens/linorobot2_ws/install/micro_ros_setup/./config/freertos/nucleo_f767zi
[1.245s] -- Up-to-date: /home/rens/linorobot2_ws/install/micro_ros_setup/./config/freertos/nucleo_f767zi/package.xml
[1.246s] -- Up-to-date: /home/rens/linorobot2_ws/install/micro_ros_setup/./config/freertos/nucleo_f767zi/flash.sh
[1.246s] -- Up-to-date: /home/rens/linorobot2_ws/install/micro_ros_setup/./config/freertos/nucleo_f767zi/client-colcon.meta
[1.247s] -- Up-to-date: /home/rens/linorobot2_ws/install/micro_ros_setup/./config/freertos/nucleo_f767zi/create.sh
[1.247s] -- Up-to-date: /home/rens/linorobot2_ws/install/micro_ros_setup/./config/freertos/nucleo_f767zi/client_uros_packages.repos
[1.248s] -- Up-to-date: /home/rens/linorobot2_ws/install/micro_ros_setup/./config/freertos/nucleo_f767zi/board.repos
[1.249s] -- Up-to-date: /home/rens/linorobot2_ws/install/micro_ros_setup/./config/freertos/nucleo_f767zi/build.sh
[1.249s] -- Up-to-date: /home/rens/linorobot2_ws/install/micro_ros_setup/./config/freertos/nucleo_f767zi/configure.sh
[1.253s] -- Up-to-date: /home/rens/linorobot2_ws/install/micro_ros_setup/./config/freertos/nucleo_f746zg
[1.256s] -- Up-to-date: /home/rens/linorobot2_ws/install/micro_ros_setup/./config/freertos/nucleo_f746zg/package.xml
[1.257s] -- Up-to-date: /home/rens/linorobot2_ws/install/micro_ros_setup/./config/freertos/nucleo_f746zg/flash.sh
[1.257s] -- Up-to-date: /home/rens/linorobot2_ws/install/micro_ros_setup/./config/freertos/nucleo_f746zg/client-colcon.meta
[1.263s] -- Up-to-date: /home/rens/linorobot2_ws/install/micro_ros_setup/./config/freertos/nucleo_f746zg/create.sh
[1.263s] -- Up-to-date: /home/rens/linorobot2_ws/install/micro_ros_setup/./config/freertos/nucleo_f746zg/client_uros_packages.repos
[1.264s] -- Up-to-date: /home/rens/linorobot2_ws/install/micro_ros_setup/./config/freertos/nucleo_f746zg/board.repos
[1.267s] -- Up-to-date: /home/rens/linorobot2_ws/install/micro_ros_setup/./config/freertos/nucleo_f746zg/build.sh
[1.268s] -- Up-to-date: /home/rens/linorobot2_ws/install/micro_ros_setup/./config/freertos/nucleo_f746zg/configure.sh
[1.268s] -- Up-to-date: /home/rens/linorobot2_ws/install/micro_ros_setup/./config/freertos/dev_ros2_packages.txt
[1.269s] -- Up-to-date: /home/rens/linorobot2_ws/install/micro_ros_setup/./config/freertos/crazyflie21
[1.269s] -- Up-to-date: /home/rens/linorobot2_ws/install/micro_ros_setup/./config/freertos/crazyflie21/package.xml
[1.273s] -- Up-to-date: /home/rens/linorobot2_ws/install/micro_ros_setup/./config/freertos/crazyflie21/flash.sh
[1.274s] -- Up-to-date: /home/rens/linorobot2_ws/install/micro_ros_setup/./config/freertos/crazyflie21/client-colcon.meta
[1.275s] -- Up-to-date: /home/rens/linorobot2_ws/install/micro_ros_setup/./config/freertos/crazyflie21/create.sh
[1.283s] -- Up-to-date: /home/rens/linorobot2_ws/install/micro_ros_setup/./config/freertos/crazyflie21/client_uros_packages.repos
[1.284s] -- Up-to-date: /home/rens/linorobot2_ws/install/micro_ros_setup/./config/freertos/crazyflie21/board.repos
[1.285s] -- Up-to-date: /home/rens/linorobot2_ws/install/micro_ros_setup/./config/freertos/crazyflie21/build.sh
[1.286s] -- Up-to-date: /home/rens/linorobot2_ws/install/micro_ros_setup/./config/freertos/crazyflie21/configure.sh
[1.290s] -- Up-to-date: /home/rens/linorobot2_ws/install/micro_ros_setup/./config/freertos/esp32
[1.290s] -- Up-to-date: /home/rens/linorobot2_ws/install/micro_ros_setup/./config/freertos/esp32/package.xml
[1.291s] -- Up-to-date: /home/rens/linorobot2_ws/install/micro_ros_setup/./config/freertos/esp32/flash.sh
[1.291s] -- Up-to-date: /home/rens/linorobot2_ws/install/micro_ros_setup/./config/freertos/esp32/client-colcon.meta
[1.292s] -- Up-to-date: /home/rens/linorobot2_ws/install/micro_ros_setup/./config/freertos/esp32/create.sh
[1.292s] -- Up-to-date: /home/rens/linorobot2_ws/install/micro_ros_setup/./config/freertos/esp32/client_uros_packages.repos
[1.298s] -- Up-to-date: /home/rens/linorobot2_ws/install/micro_ros_setup/./config/freertos/esp32/board.repos
[1.298s] -- Up-to-date: /home/rens/linorobot2_ws/install/micro_ros_setup/./config/freertos/esp32/README.md
[1.299s] -- Up-to-date: /home/rens/linorobot2_ws/install/micro_ros_setup/./config/freertos/esp32/build.sh
[1.299s] -- Up-to-date: /home/rens/linorobot2_ws/install/micro_ros_setup/./config/freertos/esp32/configure.sh
[1.300s] -- Up-to-date: /home/rens/linorobot2_ws/install/micro_ros_setup/./config/freertos/dev_uros_packages.repos
[1.300s] -- Up-to-date: /home/rens/linorobot2_ws/install/micro_ros_setup/./config/agent_ros2_packages.txt
[1.305s] Invoked command in '/home/rens/linorobot2_ws/build/micro_ros_setup' returned '0': CMAKE_PREFIX_PATH=${CMAKE_PREFIX_PATH}:/opt/ros/jazzy /usr/bin/cmake --install /home/rens/linorobot2_ws/build/micro_ros_setup
