[0.146s] Invoking command in '/home/rens/linorobot2_ws/build/micro_ros_msgs': CMAKE_PREFIX_PATH=${CMAKE_PREFIX_PATH}:/opt/ros/jazzy /usr/bin/cmake --build /home/rens/linorobot2_ws/build/micro_ros_msgs -- -j4 -l4
[0.738s] [  1%] Built target micro_ros_msgs__rosidl_generator_type_description
[0.776s] [  1%] Built target ament_cmake_python_symlink_micro_ros_msgs
[1.105s] [  3%] Built target micro_ros_msgs__cpp
[1.156s] [ 24%] Built target micro_ros_msgs__rosidl_generator_c
[1.535s] [ 33%] Built target micro_ros_msgs__rosidl_typesupport_c
[1.598s] [ 42%] Built target micro_ros_msgs__rosidl_typesupport_fastrtps_cpp
[1.609s] [ 51%] Built target micro_ros_msgs__rosidl_typesupport_introspection_c
[1.994s] [ 61%] Built target micro_ros_msgs__rosidl_typesupport_introspection_cpp
[2.006s] [ 70%] Built target micro_ros_msgs__rosidl_typesupport_cpp
[2.094s] [ 79%] Built target micro_ros_msgs__rosidl_typesupport_fastrtps_c
[2.481s] [ 79%] Built target micro_ros_msgs
[2.756s] [ 81%] Built target micro_ros_msgs__py
[3.070s] [ 88%] Built target micro_ros_msgs__rosidl_generator_py
[3.521s] [ 92%] Built target micro_ros_msgs_s__rosidl_typesupport_fastrtps_c
[3.557s] [ 96%] Built target micro_ros_msgs_s__rosidl_typesupport_c
[3.565s] [100%] Built target micro_ros_msgs_s__rosidl_typesupport_introspection_c
[3.596s] running egg_info
[3.788s] writing micro_ros_msgs.egg-info/PKG-INFO
[3.796s] writing dependency_links to micro_ros_msgs.egg-info/dependency_links.txt
[3.806s] writing top-level names to micro_ros_msgs.egg-info/top_level.txt
[4.298s] reading manifest file 'micro_ros_msgs.egg-info/SOURCES.txt'
[4.302s] writing manifest file 'micro_ros_msgs.egg-info/SOURCES.txt'
[4.459s] [100%] Built target ament_cmake_python_build_micro_ros_msgs_egg
[4.567s] Invoked command in '/home/rens/linorobot2_ws/build/micro_ros_msgs' returned '0': CMAKE_PREFIX_PATH=${CMAKE_PREFIX_PATH}:/opt/ros/jazzy /usr/bin/cmake --build /home/rens/linorobot2_ws/build/micro_ros_msgs -- -j4 -l4
[4.577s] Invoking command in '/home/rens/linorobot2_ws/build/micro_ros_msgs': CMAKE_PREFIX_PATH=${CMAKE_PREFIX_PATH}:/opt/ros/jazzy /usr/bin/cmake --install /home/rens/linorobot2_ws/build/micro_ros_msgs
[4.634s] -- Install configuration: ""
[4.636s] -- Execute custom install script
[4.638s] -- Up-to-date symlink: /home/rens/linorobot2_ws/install/micro_ros_msgs/share/ament_index/resource_index/rosidl_interfaces/micro_ros_msgs
[4.639s] -- Up-to-date symlink: /home/rens/linorobot2_ws/install/micro_ros_msgs/share/micro_ros_msgs/msg/Graph.json
[4.641s] -- Up-to-date symlink: /home/rens/linorobot2_ws/install/micro_ros_msgs/share/micro_ros_msgs/msg/Node.json
[4.642s] -- Up-to-date symlink: /home/rens/linorobot2_ws/install/micro_ros_msgs/share/micro_ros_msgs/msg/Entity.json
[4.648s] -- Up-to-date symlink: /home/rens/linorobot2_ws/install/micro_ros_msgs/include/micro_ros_msgs/micro_ros_msgs/msg/detail/entity__functions.h
[4.650s] -- Up-to-date symlink: /home/rens/linorobot2_ws/install/micro_ros_msgs/include/micro_ros_msgs/micro_ros_msgs/msg/detail/entity__struct.h
[4.653s] -- Up-to-date symlink: /home/rens/linorobot2_ws/install/micro_ros_msgs/include/micro_ros_msgs/micro_ros_msgs/msg/detail/entity__type_support.h
[4.655s] -- Up-to-date symlink: /home/rens/linorobot2_ws/install/micro_ros_msgs/include/micro_ros_msgs/micro_ros_msgs/msg/detail/graph__functions.h
[4.656s] -- Up-to-date symlink: /home/rens/linorobot2_ws/install/micro_ros_msgs/include/micro_ros_msgs/micro_ros_msgs/msg/detail/graph__struct.h
[4.656s] -- Up-to-date symlink: /home/rens/linorobot2_ws/install/micro_ros_msgs/include/micro_ros_msgs/micro_ros_msgs/msg/detail/graph__type_support.h
[4.657s] -- Up-to-date symlink: /home/rens/linorobot2_ws/install/micro_ros_msgs/include/micro_ros_msgs/micro_ros_msgs/msg/detail/node__functions.h
[4.657s] -- Up-to-date symlink: /home/rens/linorobot2_ws/install/micro_ros_msgs/include/micro_ros_msgs/micro_ros_msgs/msg/detail/node__struct.h
[4.658s] -- Up-to-date symlink: /home/rens/linorobot2_ws/install/micro_ros_msgs/include/micro_ros_msgs/micro_ros_msgs/msg/detail/node__type_support.h
[4.659s] -- Up-to-date symlink: /home/rens/linorobot2_ws/install/micro_ros_msgs/include/micro_ros_msgs/micro_ros_msgs/msg/entity.h
[4.659s] -- Up-to-date symlink: /home/rens/linorobot2_ws/install/micro_ros_msgs/include/micro_ros_msgs/micro_ros_msgs/msg/graph.h
[4.662s] -- Up-to-date symlink: /home/rens/linorobot2_ws/install/micro_ros_msgs/include/micro_ros_msgs/micro_ros_msgs/msg/node.h
[4.663s] -- Up-to-date symlink: /home/rens/linorobot2_ws/install/micro_ros_msgs/include/micro_ros_msgs/micro_ros_msgs/msg/rosidl_generator_c__visibility_control.h
[4.663s] -- Up-to-date symlink: /home/rens/linorobot2_ws/install/micro_ros_msgs/share/micro_ros_msgs/environment/library_path.sh
[4.664s] -- Up-to-date symlink: /home/rens/linorobot2_ws/install/micro_ros_msgs/share/micro_ros_msgs/environment/library_path.dsv
[4.667s] -- Up-to-date symlink: /home/rens/linorobot2_ws/install/micro_ros_msgs/include/micro_ros_msgs/micro_ros_msgs/msg/detail/entity__rosidl_typesupport_fastrtps_c.h
[4.668s] -- Up-to-date symlink: /home/rens/linorobot2_ws/install/micro_ros_msgs/include/micro_ros_msgs/micro_ros_msgs/msg/detail/graph__rosidl_typesupport_fastrtps_c.h
[4.669s] -- Up-to-date symlink: /home/rens/linorobot2_ws/install/micro_ros_msgs/include/micro_ros_msgs/micro_ros_msgs/msg/detail/node__rosidl_typesupport_fastrtps_c.h
[4.670s] -- Up-to-date symlink: /home/rens/linorobot2_ws/install/micro_ros_msgs/include/micro_ros_msgs/micro_ros_msgs/msg/rosidl_typesupport_fastrtps_c__visibility_control.h
[4.673s] -- Up-to-date symlink: /home/rens/linorobot2_ws/install/micro_ros_msgs/include/micro_ros_msgs/micro_ros_msgs/msg/detail/entity__rosidl_typesupport_introspection_c.h
[4.674s] -- Up-to-date symlink: /home/rens/linorobot2_ws/install/micro_ros_msgs/include/micro_ros_msgs/micro_ros_msgs/msg/detail/graph__rosidl_typesupport_introspection_c.h
[4.675s] -- Up-to-date symlink: /home/rens/linorobot2_ws/install/micro_ros_msgs/include/micro_ros_msgs/micro_ros_msgs/msg/detail/node__rosidl_typesupport_introspection_c.h
[4.676s] -- Up-to-date symlink: /home/rens/linorobot2_ws/install/micro_ros_msgs/include/micro_ros_msgs/micro_ros_msgs/msg/rosidl_typesupport_introspection_c__visibility_control.h
[4.680s] -- Up-to-date symlink: /home/rens/linorobot2_ws/install/micro_ros_msgs/include/micro_ros_msgs/micro_ros_msgs/msg/detail/entity__builder.hpp
[4.681s] -- Up-to-date symlink: /home/rens/linorobot2_ws/install/micro_ros_msgs/include/micro_ros_msgs/micro_ros_msgs/msg/detail/entity__struct.hpp
[4.682s] -- Up-to-date symlink: /home/rens/linorobot2_ws/install/micro_ros_msgs/include/micro_ros_msgs/micro_ros_msgs/msg/detail/entity__traits.hpp
[4.683s] -- Up-to-date symlink: /home/rens/linorobot2_ws/install/micro_ros_msgs/include/micro_ros_msgs/micro_ros_msgs/msg/detail/entity__type_support.hpp
[4.684s] -- Up-to-date symlink: /home/rens/linorobot2_ws/install/micro_ros_msgs/include/micro_ros_msgs/micro_ros_msgs/msg/detail/graph__builder.hpp
[4.685s] -- Up-to-date symlink: /home/rens/linorobot2_ws/install/micro_ros_msgs/include/micro_ros_msgs/micro_ros_msgs/msg/detail/graph__struct.hpp
[4.686s] -- Up-to-date symlink: /home/rens/linorobot2_ws/install/micro_ros_msgs/include/micro_ros_msgs/micro_ros_msgs/msg/detail/graph__traits.hpp
[4.688s] -- Up-to-date symlink: /home/rens/linorobot2_ws/install/micro_ros_msgs/include/micro_ros_msgs/micro_ros_msgs/msg/detail/graph__type_support.hpp
[4.689s] -- Up-to-date symlink: /home/rens/linorobot2_ws/install/micro_ros_msgs/include/micro_ros_msgs/micro_ros_msgs/msg/detail/node__builder.hpp
[4.690s] -- Up-to-date symlink: /home/rens/linorobot2_ws/install/micro_ros_msgs/include/micro_ros_msgs/micro_ros_msgs/msg/detail/node__struct.hpp
[4.691s] -- Up-to-date symlink: /home/rens/linorobot2_ws/install/micro_ros_msgs/include/micro_ros_msgs/micro_ros_msgs/msg/detail/node__traits.hpp
[4.692s] -- Up-to-date symlink: /home/rens/linorobot2_ws/install/micro_ros_msgs/include/micro_ros_msgs/micro_ros_msgs/msg/detail/node__type_support.hpp
[4.693s] -- Up-to-date symlink: /home/rens/linorobot2_ws/install/micro_ros_msgs/include/micro_ros_msgs/micro_ros_msgs/msg/entity.hpp
[4.694s] -- Up-to-date symlink: /home/rens/linorobot2_ws/install/micro_ros_msgs/include/micro_ros_msgs/micro_ros_msgs/msg/graph.hpp
[4.695s] -- Up-to-date symlink: /home/rens/linorobot2_ws/install/micro_ros_msgs/include/micro_ros_msgs/micro_ros_msgs/msg/node.hpp
[4.696s] -- Up-to-date symlink: /home/rens/linorobot2_ws/install/micro_ros_msgs/include/micro_ros_msgs/micro_ros_msgs/msg/rosidl_generator_cpp__visibility_control.hpp
[4.701s] -- Up-to-date symlink: /home/rens/linorobot2_ws/install/micro_ros_msgs/include/micro_ros_msgs/micro_ros_msgs/msg/detail/entity__rosidl_typesupport_fastrtps_cpp.hpp
[4.702s] -- Up-to-date symlink: /home/rens/linorobot2_ws/install/micro_ros_msgs/include/micro_ros_msgs/micro_ros_msgs/msg/detail/graph__rosidl_typesupport_fastrtps_cpp.hpp
[4.703s] -- Up-to-date symlink: /home/rens/linorobot2_ws/install/micro_ros_msgs/include/micro_ros_msgs/micro_ros_msgs/msg/detail/node__rosidl_typesupport_fastrtps_cpp.hpp
[4.705s] -- Up-to-date symlink: /home/rens/linorobot2_ws/install/micro_ros_msgs/include/micro_ros_msgs/micro_ros_msgs/msg/rosidl_typesupport_fastrtps_cpp__visibility_control.h
[4.708s] -- Up-to-date symlink: /home/rens/linorobot2_ws/install/micro_ros_msgs/include/micro_ros_msgs/micro_ros_msgs/msg/detail/entity__rosidl_typesupport_introspection_cpp.hpp
[4.709s] -- Up-to-date symlink: /home/rens/linorobot2_ws/install/micro_ros_msgs/include/micro_ros_msgs/micro_ros_msgs/msg/detail/graph__rosidl_typesupport_introspection_cpp.hpp
[4.711s] -- Up-to-date symlink: /home/rens/linorobot2_ws/install/micro_ros_msgs/include/micro_ros_msgs/micro_ros_msgs/msg/detail/node__rosidl_typesupport_introspection_cpp.hpp
[4.712s] -- Up-to-date symlink: /home/rens/linorobot2_ws/install/micro_ros_msgs/share/micro_ros_msgs/environment/pythonpath.sh
[4.713s] -- Up-to-date symlink: /home/rens/linorobot2_ws/install/micro_ros_msgs/share/micro_ros_msgs/environment/pythonpath.dsv
[4.716s] -- Up-to-date symlink: /home/rens/linorobot2_ws/install/micro_ros_msgs/lib/python3.12/site-packages/micro_ros_msgs-5.0.2-py3.12.egg-info/PKG-INFO
[4.717s] -- Up-to-date symlink: /home/rens/linorobot2_ws/install/micro_ros_msgs/lib/python3.12/site-packages/micro_ros_msgs-5.0.2-py3.12.egg-info/SOURCES.txt
[4.718s] -- Up-to-date symlink: /home/rens/linorobot2_ws/install/micro_ros_msgs/lib/python3.12/site-packages/micro_ros_msgs-5.0.2-py3.12.egg-info/dependency_links.txt
[4.719s] -- Up-to-date symlink: /home/rens/linorobot2_ws/install/micro_ros_msgs/lib/python3.12/site-packages/micro_ros_msgs-5.0.2-py3.12.egg-info/top_level.txt
[4.725s] -- Up-to-date symlink: /home/rens/linorobot2_ws/install/micro_ros_msgs/lib/python3.12/site-packages/micro_ros_msgs/__init__.py
[4.726s] -- Up-to-date symlink: /home/rens/linorobot2_ws/install/micro_ros_msgs/lib/python3.12/site-packages/micro_ros_msgs/_micro_ros_msgs_s.ep.rosidl_typesupport_c.c
[4.727s] -- Up-to-date symlink: /home/rens/linorobot2_ws/install/micro_ros_msgs/lib/python3.12/site-packages/micro_ros_msgs/_micro_ros_msgs_s.ep.rosidl_typesupport_fastrtps_c.c
[4.728s] -- Up-to-date symlink: /home/rens/linorobot2_ws/install/micro_ros_msgs/lib/python3.12/site-packages/micro_ros_msgs/_micro_ros_msgs_s.ep.rosidl_typesupport_introspection_c.c
[4.729s] -- Up-to-date symlink: /home/rens/linorobot2_ws/install/micro_ros_msgs/lib/python3.12/site-packages/micro_ros_msgs/micro_ros_msgs_s__rosidl_typesupport_c.so
[4.730s] -- Up-to-date symlink: /home/rens/linorobot2_ws/install/micro_ros_msgs/lib/python3.12/site-packages/micro_ros_msgs/micro_ros_msgs_s__rosidl_typesupport_fastrtps_c.so
[4.732s] -- Up-to-date symlink: /home/rens/linorobot2_ws/install/micro_ros_msgs/lib/python3.12/site-packages/micro_ros_msgs/micro_ros_msgs_s__rosidl_typesupport_introspection_c.so
[4.733s] -- Up-to-date symlink: /home/rens/linorobot2_ws/install/micro_ros_msgs/lib/python3.12/site-packages/micro_ros_msgs/msg/__init__.py
[4.734s] -- Up-to-date symlink: /home/rens/linorobot2_ws/install/micro_ros_msgs/lib/python3.12/site-packages/micro_ros_msgs/msg/_entity.py
[4.735s] -- Up-to-date symlink: /home/rens/linorobot2_ws/install/micro_ros_msgs/lib/python3.12/site-packages/micro_ros_msgs/msg/_entity_s.c
[4.736s] -- Up-to-date symlink: /home/rens/linorobot2_ws/install/micro_ros_msgs/lib/python3.12/site-packages/micro_ros_msgs/msg/_graph.py
[4.737s] -- Up-to-date symlink: /home/rens/linorobot2_ws/install/micro_ros_msgs/lib/python3.12/site-packages/micro_ros_msgs/msg/_graph_s.c
[4.739s] -- Up-to-date symlink: /home/rens/linorobot2_ws/install/micro_ros_msgs/lib/python3.12/site-packages/micro_ros_msgs/msg/_node.py
[4.740s] -- Up-to-date symlink: /home/rens/linorobot2_ws/install/micro_ros_msgs/lib/python3.12/site-packages/micro_ros_msgs/msg/_node_s.c
[4.743s] -- Up-to-date symlink: /home/rens/linorobot2_ws/install/micro_ros_msgs/lib/python3.12/site-packages/micro_ros_msgs/micro_ros_msgs_s__rosidl_typesupport_fastrtps_c.so
[4.745s] -- Up-to-date symlink: /home/rens/linorobot2_ws/install/micro_ros_msgs/lib/python3.12/site-packages/micro_ros_msgs/micro_ros_msgs_s__rosidl_typesupport_introspection_c.so
[4.747s] -- Up-to-date symlink: /home/rens/linorobot2_ws/install/micro_ros_msgs/lib/python3.12/site-packages/micro_ros_msgs/micro_ros_msgs_s__rosidl_typesupport_c.so
[4.751s] -- Up-to-date symlink: /home/rens/linorobot2_ws/install/micro_ros_msgs/share/micro_ros_msgs/msg/Graph.idl
[4.752s] -- Up-to-date symlink: /home/rens/linorobot2_ws/install/micro_ros_msgs/share/micro_ros_msgs/msg/Node.idl
[4.754s] -- Up-to-date symlink: /home/rens/linorobot2_ws/install/micro_ros_msgs/share/micro_ros_msgs/msg/Entity.idl
[4.755s] -- Up-to-date symlink: /home/rens/linorobot2_ws/install/micro_ros_msgs/share/micro_ros_msgs/msg/Graph.msg
[4.757s] -- Up-to-date symlink: /home/rens/linorobot2_ws/install/micro_ros_msgs/share/micro_ros_msgs/msg/Node.msg
[4.758s] -- Up-to-date symlink: /home/rens/linorobot2_ws/install/micro_ros_msgs/share/micro_ros_msgs/msg/Entity.msg
[4.759s] -- Up-to-date symlink: /home/rens/linorobot2_ws/install/micro_ros_msgs/share/ament_index/resource_index/package_run_dependencies/micro_ros_msgs
[4.759s] -- Up-to-date symlink: /home/rens/linorobot2_ws/install/micro_ros_msgs/share/ament_index/resource_index/parent_prefix_path/micro_ros_msgs
[4.760s] -- Up-to-date symlink: /home/rens/linorobot2_ws/install/micro_ros_msgs/share/micro_ros_msgs/environment/ament_prefix_path.sh
[4.761s] -- Up-to-date symlink: /home/rens/linorobot2_ws/install/micro_ros_msgs/share/micro_ros_msgs/environment/ament_prefix_path.dsv
[4.761s] -- Up-to-date symlink: /home/rens/linorobot2_ws/install/micro_ros_msgs/share/micro_ros_msgs/environment/path.sh
[4.762s] -- Up-to-date symlink: /home/rens/linorobot2_ws/install/micro_ros_msgs/share/micro_ros_msgs/environment/path.dsv
[4.763s] -- Up-to-date symlink: /home/rens/linorobot2_ws/install/micro_ros_msgs/share/micro_ros_msgs/local_setup.bash
[4.765s] -- Up-to-date symlink: /home/rens/linorobot2_ws/install/micro_ros_msgs/share/micro_ros_msgs/local_setup.sh
[4.766s] -- Up-to-date symlink: /home/rens/linorobot2_ws/install/micro_ros_msgs/share/micro_ros_msgs/local_setup.zsh
[4.767s] -- Up-to-date symlink: /home/rens/linorobot2_ws/install/micro_ros_msgs/share/micro_ros_msgs/local_setup.dsv
[4.767s] -- Symlinking: /home/rens/linorobot2_ws/install/micro_ros_msgs/share/micro_ros_msgs/package.dsv
[4.838s] -- Up-to-date symlink: /home/rens/linorobot2_ws/install/micro_ros_msgs/share/ament_index/resource_index/packages/micro_ros_msgs
[4.840s] -- Up-to-date symlink: /home/rens/linorobot2_ws/install/micro_ros_msgs/share/micro_ros_msgs/cmake/rosidl_cmake-extras.cmake
[4.842s] -- Up-to-date symlink: /home/rens/linorobot2_ws/install/micro_ros_msgs/share/micro_ros_msgs/cmake/ament_cmake_export_include_directories-extras.cmake
[4.844s] -- Up-to-date symlink: /home/rens/linorobot2_ws/install/micro_ros_msgs/share/micro_ros_msgs/cmake/ament_cmake_export_libraries-extras.cmake
[4.846s] -- Up-to-date symlink: /home/rens/linorobot2_ws/install/micro_ros_msgs/share/micro_ros_msgs/cmake/ament_cmake_export_targets-extras.cmake
[4.847s] -- Up-to-date symlink: /home/rens/linorobot2_ws/install/micro_ros_msgs/share/micro_ros_msgs/cmake/rosidl_cmake_export_typesupport_targets-extras.cmake
[4.847s] -- Up-to-date symlink: /home/rens/linorobot2_ws/install/micro_ros_msgs/share/micro_ros_msgs/cmake/ament_cmake_export_dependencies-extras.cmake
[4.849s] -- Up-to-date symlink: /home/rens/linorobot2_ws/install/micro_ros_msgs/share/micro_ros_msgs/cmake/rosidl_cmake_export_typesupport_libraries-extras.cmake
[4.849s] -- Up-to-date symlink: /home/rens/linorobot2_ws/install/micro_ros_msgs/share/micro_ros_msgs/cmake/micro_ros_msgsConfig.cmake
[4.851s] -- Up-to-date symlink: /home/rens/linorobot2_ws/install/micro_ros_msgs/share/micro_ros_msgs/cmake/micro_ros_msgsConfig-version.cmake
[4.853s] -- Up-to-date symlink: /home/rens/linorobot2_ws/install/micro_ros_msgs/share/micro_ros_msgs/package.xml
[4.855s] -- Up-to-date: /home/rens/linorobot2_ws/install/micro_ros_msgs/lib/libmicro_ros_msgs__rosidl_generator_c.so
[4.856s] -- Up-to-date: /home/rens/linorobot2_ws/install/micro_ros_msgs/lib/libmicro_ros_msgs__rosidl_typesupport_fastrtps_c.so
[4.859s] -- Up-to-date: /home/rens/linorobot2_ws/install/micro_ros_msgs/lib/libmicro_ros_msgs__rosidl_typesupport_introspection_c.so
[4.861s] -- Up-to-date: /home/rens/linorobot2_ws/install/micro_ros_msgs/lib/libmicro_ros_msgs__rosidl_typesupport_c.so
[4.864s] -- Up-to-date: /home/rens/linorobot2_ws/install/micro_ros_msgs/lib/libmicro_ros_msgs__rosidl_typesupport_fastrtps_cpp.so
[4.870s] -- Up-to-date: /home/rens/linorobot2_ws/install/micro_ros_msgs/lib/libmicro_ros_msgs__rosidl_typesupport_introspection_cpp.so
[4.871s] -- Up-to-date: /home/rens/linorobot2_ws/install/micro_ros_msgs/lib/libmicro_ros_msgs__rosidl_typesupport_cpp.so
[5.072s] Listing '/home/rens/linorobot2_ws/install/micro_ros_msgs/lib/python3.12/site-packages/micro_ros_msgs'...
[5.073s] Listing '/home/rens/linorobot2_ws/install/micro_ros_msgs/lib/python3.12/site-packages/micro_ros_msgs/msg'...
[5.105s] -- Up-to-date: /home/rens/linorobot2_ws/install/micro_ros_msgs/lib/libmicro_ros_msgs__rosidl_generator_py.so
[5.108s] -- Up-to-date: /home/rens/linorobot2_ws/install/micro_ros_msgs/share/micro_ros_msgs/cmake/export_micro_ros_msgs__rosidl_generator_cExport.cmake
[5.109s] -- Up-to-date: /home/rens/linorobot2_ws/install/micro_ros_msgs/share/micro_ros_msgs/cmake/export_micro_ros_msgs__rosidl_generator_cExport-noconfig.cmake
[5.109s] -- Up-to-date: /home/rens/linorobot2_ws/install/micro_ros_msgs/share/micro_ros_msgs/cmake/export_micro_ros_msgs__rosidl_typesupport_fastrtps_cExport.cmake
[5.110s] -- Up-to-date: /home/rens/linorobot2_ws/install/micro_ros_msgs/share/micro_ros_msgs/cmake/export_micro_ros_msgs__rosidl_typesupport_fastrtps_cExport-noconfig.cmake
[5.111s] -- Up-to-date: /home/rens/linorobot2_ws/install/micro_ros_msgs/share/micro_ros_msgs/cmake/micro_ros_msgs__rosidl_typesupport_introspection_cExport.cmake
[5.112s] -- Up-to-date: /home/rens/linorobot2_ws/install/micro_ros_msgs/share/micro_ros_msgs/cmake/micro_ros_msgs__rosidl_typesupport_introspection_cExport-noconfig.cmake
[5.113s] -- Up-to-date: /home/rens/linorobot2_ws/install/micro_ros_msgs/share/micro_ros_msgs/cmake/micro_ros_msgs__rosidl_typesupport_cExport.cmake
[5.113s] -- Up-to-date: /home/rens/linorobot2_ws/install/micro_ros_msgs/share/micro_ros_msgs/cmake/micro_ros_msgs__rosidl_typesupport_cExport-noconfig.cmake
[5.114s] -- Up-to-date: /home/rens/linorobot2_ws/install/micro_ros_msgs/share/micro_ros_msgs/cmake/export_micro_ros_msgs__rosidl_generator_cppExport.cmake
[5.115s] -- Up-to-date: /home/rens/linorobot2_ws/install/micro_ros_msgs/share/micro_ros_msgs/cmake/export_micro_ros_msgs__rosidl_typesupport_fastrtps_cppExport.cmake
[5.115s] -- Up-to-date: /home/rens/linorobot2_ws/install/micro_ros_msgs/share/micro_ros_msgs/cmake/export_micro_ros_msgs__rosidl_typesupport_fastrtps_cppExport-noconfig.cmake
[5.116s] -- Up-to-date: /home/rens/linorobot2_ws/install/micro_ros_msgs/share/micro_ros_msgs/cmake/micro_ros_msgs__rosidl_typesupport_introspection_cppExport.cmake
[5.117s] -- Up-to-date: /home/rens/linorobot2_ws/install/micro_ros_msgs/share/micro_ros_msgs/cmake/micro_ros_msgs__rosidl_typesupport_introspection_cppExport-noconfig.cmake
[5.118s] -- Up-to-date: /home/rens/linorobot2_ws/install/micro_ros_msgs/share/micro_ros_msgs/cmake/micro_ros_msgs__rosidl_typesupport_cppExport.cmake
[5.119s] -- Up-to-date: /home/rens/linorobot2_ws/install/micro_ros_msgs/share/micro_ros_msgs/cmake/micro_ros_msgs__rosidl_typesupport_cppExport-noconfig.cmake
[5.120s] -- Up-to-date: /home/rens/linorobot2_ws/install/micro_ros_msgs/share/micro_ros_msgs/cmake/export_micro_ros_msgs__rosidl_generator_pyExport.cmake
[5.122s] -- Up-to-date: /home/rens/linorobot2_ws/install/micro_ros_msgs/share/micro_ros_msgs/cmake/export_micro_ros_msgs__rosidl_generator_pyExport-noconfig.cmake
[5.131s] Invoked command in '/home/rens/linorobot2_ws/build/micro_ros_msgs' returned '0': CMAKE_PREFIX_PATH=${CMAKE_PREFIX_PATH}:/opt/ros/jazzy /usr/bin/cmake --install /home/rens/linorobot2_ws/build/micro_ros_msgs
