[0.158s] Invoking command in '/home/rens/linorobot2_ws/build/micro_ros_msgs': CMAKE_PREFIX_PATH=${CMAKE_PREFIX_PATH}:/opt/ros/jazzy /usr/bin/cmake /home/rens/linorobot2_ws/src/uros/micro_ros_msgs -DAMENT_CMAKE_SYMLINK_INSTALL=1 -DCMAKE_INSTALL_PREFIX=/home/rens/linorobot2_ws/install/micro_ros_msgs
[0.263s] -- Found ament_cmake: 2.5.4 (/opt/ros/jazzy/share/ament_cmake/cmake)
[0.472s] -- Found Python3: /usr/bin/python3 (found version "3.12.3") found components: Interpreter 
[1.054s] -- Override CMake install command with custom implementation using symlinks instead of copying resources
[1.147s] -- Found rosidl_default_generators: 1.6.0 (/opt/ros/jazzy/share/rosidl_default_generators/cmake)
[1.170s] -- Using all available rosidl_typesupport_c: rosidl_typesupport_fastrtps_c;rosidl_typesupport_introspection_c
[1.452s] -- Using all available rosidl_typesupport_cpp: rosidl_typesupport_fastrtps_cpp;rosidl_typesupport_introspection_cpp
[1.623s] -- Found rosidl_adapter: 4.6.6 (/opt/ros/jazzy/share/rosidl_adapter/cmake)
[1.634s] -- Found ament_lint_auto: 0.17.3 (/opt/ros/jazzy/share/ament_lint_auto/cmake)
[3.577s] -- Found ament_cmake_ros: 0.12.0 (/opt/ros/jazzy/share/ament_cmake_ros/cmake)
[4.214s] -- Using all available rosidl_typesupport_c: rosidl_typesupport_fastrtps_c;rosidl_typesupport_introspection_c
[5.012s] -- Using all available rosidl_typesupport_cpp: rosidl_typesupport_fastrtps_cpp;rosidl_typesupport_introspection_cpp
[5.019s] -- Found python_cmake_module: 0.11.1 (/opt/ros/jazzy/share/python_cmake_module/cmake)
[6.921s] -- Found Python3: /usr/bin/python3 (found version "3.12.3") found components: Interpreter Development NumPy Development.Module Development.Embed 
[7.099s] -- Added test 'copyright' to check source files copyright and LICENSE
[7.244s] -- Added test 'lint_cmake' to check CMake code style
[7.292s] -- Added test 'xmllint' to check XML markup files
[7.336s] -- Configuring done (7.1s)
[7.700s] -- Generating done (0.3s)
[7.798s] -- Build files have been written to: /home/rens/linorobot2_ws/build/micro_ros_msgs
[7.827s] Invoked command in '/home/rens/linorobot2_ws/build/micro_ros_msgs' returned '0': CMAKE_PREFIX_PATH=${CMAKE_PREFIX_PATH}:/opt/ros/jazzy /usr/bin/cmake /home/rens/linorobot2_ws/src/uros/micro_ros_msgs -DAMENT_CMAKE_SYMLINK_INSTALL=1 -DCMAKE_INSTALL_PREFIX=/home/rens/linorobot2_ws/install/micro_ros_msgs
[7.829s] Invoking command in '/home/rens/linorobot2_ws/build/micro_ros_msgs': CMAKE_PREFIX_PATH=${CMAKE_PREFIX_PATH}:/opt/ros/jazzy /usr/bin/cmake --build /home/rens/linorobot2_ws/build/micro_ros_msgs -- -j4 -l4
[8.337s] [  1%] Built target micro_ros_msgs__rosidl_generator_type_description
[8.588s] [  1%] Built target ament_cmake_python_symlink_micro_ros_msgs
[8.658s] [  3%] Built target micro_ros_msgs__cpp
[8.702s] [ 24%] Built target micro_ros_msgs__rosidl_generator_c
[9.150s] [ 33%] Built target micro_ros_msgs__rosidl_typesupport_fastrtps_c
[9.179s] [ 42%] Built target micro_ros_msgs__rosidl_typesupport_cpp
[9.209s] [ 51%] Built target micro_ros_msgs__rosidl_typesupport_introspection_cpp
[9.459s] [ 61%] Built target micro_ros_msgs__rosidl_typesupport_introspection_c
[9.655s] [ 70%] Built target micro_ros_msgs__rosidl_typesupport_fastrtps_cpp
[9.715s] [ 79%] Built target micro_ros_msgs__rosidl_typesupport_c
[9.937s] [ 79%] Built target micro_ros_msgs
[10.157s] [ 81%] Built target micro_ros_msgs__py
[10.613s] [ 88%] Built target micro_ros_msgs__rosidl_generator_py
[11.107s] [ 92%] Built target micro_ros_msgs_s__rosidl_typesupport_fastrtps_c
[11.140s] [ 96%] Built target micro_ros_msgs_s__rosidl_typesupport_c
[11.147s] [100%] Built target micro_ros_msgs_s__rosidl_typesupport_introspection_c
[11.325s] running egg_info
[11.648s] writing micro_ros_msgs.egg-info/PKG-INFO
[11.657s] writing dependency_links to micro_ros_msgs.egg-info/dependency_links.txt
[11.657s] writing top-level names to micro_ros_msgs.egg-info/top_level.txt
[12.353s] reading manifest file 'micro_ros_msgs.egg-info/SOURCES.txt'
[12.364s] writing manifest file 'micro_ros_msgs.egg-info/SOURCES.txt'
[12.611s] [100%] Built target ament_cmake_python_build_micro_ros_msgs_egg
[12.851s] Invoked command in '/home/rens/linorobot2_ws/build/micro_ros_msgs' returned '0': CMAKE_PREFIX_PATH=${CMAKE_PREFIX_PATH}:/opt/ros/jazzy /usr/bin/cmake --build /home/rens/linorobot2_ws/build/micro_ros_msgs -- -j4 -l4
[12.868s] Invoking command in '/home/rens/linorobot2_ws/build/micro_ros_msgs': CMAKE_PREFIX_PATH=${CMAKE_PREFIX_PATH}:/opt/ros/jazzy /usr/bin/cmake --install /home/rens/linorobot2_ws/build/micro_ros_msgs
[12.977s] -- Install configuration: ""
[12.982s] -- Execute custom install script
[12.991s] -- Up-to-date symlink: /home/rens/linorobot2_ws/install/micro_ros_msgs/share/ament_index/resource_index/rosidl_interfaces/micro_ros_msgs
[12.995s] -- Up-to-date symlink: /home/rens/linorobot2_ws/install/micro_ros_msgs/share/micro_ros_msgs/msg/Graph.json
[12.997s] -- Up-to-date symlink: /home/rens/linorobot2_ws/install/micro_ros_msgs/share/micro_ros_msgs/msg/Node.json
[13.005s] -- Up-to-date symlink: /home/rens/linorobot2_ws/install/micro_ros_msgs/share/micro_ros_msgs/msg/Entity.json
[13.008s] -- Up-to-date symlink: /home/rens/linorobot2_ws/install/micro_ros_msgs/include/micro_ros_msgs/micro_ros_msgs/msg/detail/entity__functions.h
[13.012s] -- Up-to-date symlink: /home/rens/linorobot2_ws/install/micro_ros_msgs/include/micro_ros_msgs/micro_ros_msgs/msg/detail/entity__struct.h
[13.017s] -- Up-to-date symlink: /home/rens/linorobot2_ws/install/micro_ros_msgs/include/micro_ros_msgs/micro_ros_msgs/msg/detail/entity__type_support.h
[13.019s] -- Up-to-date symlink: /home/rens/linorobot2_ws/install/micro_ros_msgs/include/micro_ros_msgs/micro_ros_msgs/msg/detail/graph__functions.h
[13.023s] -- Up-to-date symlink: /home/rens/linorobot2_ws/install/micro_ros_msgs/include/micro_ros_msgs/micro_ros_msgs/msg/detail/graph__struct.h
[13.024s] -- Up-to-date symlink: /home/rens/linorobot2_ws/install/micro_ros_msgs/include/micro_ros_msgs/micro_ros_msgs/msg/detail/graph__type_support.h
[13.027s] -- Up-to-date symlink: /home/rens/linorobot2_ws/install/micro_ros_msgs/include/micro_ros_msgs/micro_ros_msgs/msg/detail/node__functions.h
[13.032s] -- Up-to-date symlink: /home/rens/linorobot2_ws/install/micro_ros_msgs/include/micro_ros_msgs/micro_ros_msgs/msg/detail/node__struct.h
[13.033s] -- Up-to-date symlink: /home/rens/linorobot2_ws/install/micro_ros_msgs/include/micro_ros_msgs/micro_ros_msgs/msg/detail/node__type_support.h
[13.040s] -- Up-to-date symlink: /home/rens/linorobot2_ws/install/micro_ros_msgs/include/micro_ros_msgs/micro_ros_msgs/msg/entity.h
[13.041s] -- Up-to-date symlink: /home/rens/linorobot2_ws/install/micro_ros_msgs/include/micro_ros_msgs/micro_ros_msgs/msg/graph.h
[13.043s] -- Up-to-date symlink: /home/rens/linorobot2_ws/install/micro_ros_msgs/include/micro_ros_msgs/micro_ros_msgs/msg/node.h
[13.047s] -- Up-to-date symlink: /home/rens/linorobot2_ws/install/micro_ros_msgs/include/micro_ros_msgs/micro_ros_msgs/msg/rosidl_generator_c__visibility_control.h
[13.054s] -- Up-to-date symlink: /home/rens/linorobot2_ws/install/micro_ros_msgs/share/micro_ros_msgs/environment/library_path.sh
[13.055s] -- Up-to-date symlink: /home/rens/linorobot2_ws/install/micro_ros_msgs/share/micro_ros_msgs/environment/library_path.dsv
[13.062s] -- Up-to-date symlink: /home/rens/linorobot2_ws/install/micro_ros_msgs/include/micro_ros_msgs/micro_ros_msgs/msg/detail/entity__rosidl_typesupport_fastrtps_c.h
[13.066s] -- Up-to-date symlink: /home/rens/linorobot2_ws/install/micro_ros_msgs/include/micro_ros_msgs/micro_ros_msgs/msg/detail/graph__rosidl_typesupport_fastrtps_c.h
[13.070s] -- Up-to-date symlink: /home/rens/linorobot2_ws/install/micro_ros_msgs/include/micro_ros_msgs/micro_ros_msgs/msg/detail/node__rosidl_typesupport_fastrtps_c.h
[13.071s] -- Up-to-date symlink: /home/rens/linorobot2_ws/install/micro_ros_msgs/include/micro_ros_msgs/micro_ros_msgs/msg/rosidl_typesupport_fastrtps_c__visibility_control.h
[13.081s] -- Up-to-date symlink: /home/rens/linorobot2_ws/install/micro_ros_msgs/include/micro_ros_msgs/micro_ros_msgs/msg/detail/entity__rosidl_typesupport_introspection_c.h
[13.082s] -- Up-to-date symlink: /home/rens/linorobot2_ws/install/micro_ros_msgs/include/micro_ros_msgs/micro_ros_msgs/msg/detail/graph__rosidl_typesupport_introspection_c.h
[13.083s] -- Up-to-date symlink: /home/rens/linorobot2_ws/install/micro_ros_msgs/include/micro_ros_msgs/micro_ros_msgs/msg/detail/node__rosidl_typesupport_introspection_c.h
[13.087s] -- Up-to-date symlink: /home/rens/linorobot2_ws/install/micro_ros_msgs/include/micro_ros_msgs/micro_ros_msgs/msg/rosidl_typesupport_introspection_c__visibility_control.h
[13.100s] -- Up-to-date symlink: /home/rens/linorobot2_ws/install/micro_ros_msgs/include/micro_ros_msgs/micro_ros_msgs/msg/detail/entity__builder.hpp
[13.102s] -- Up-to-date symlink: /home/rens/linorobot2_ws/install/micro_ros_msgs/include/micro_ros_msgs/micro_ros_msgs/msg/detail/entity__struct.hpp
[13.106s] -- Up-to-date symlink: /home/rens/linorobot2_ws/install/micro_ros_msgs/include/micro_ros_msgs/micro_ros_msgs/msg/detail/entity__traits.hpp
[13.110s] -- Up-to-date symlink: /home/rens/linorobot2_ws/install/micro_ros_msgs/include/micro_ros_msgs/micro_ros_msgs/msg/detail/entity__type_support.hpp
[13.116s] -- Up-to-date symlink: /home/rens/linorobot2_ws/install/micro_ros_msgs/include/micro_ros_msgs/micro_ros_msgs/msg/detail/graph__builder.hpp
[13.117s] -- Up-to-date symlink: /home/rens/linorobot2_ws/install/micro_ros_msgs/include/micro_ros_msgs/micro_ros_msgs/msg/detail/graph__struct.hpp
[13.124s] -- Up-to-date symlink: /home/rens/linorobot2_ws/install/micro_ros_msgs/include/micro_ros_msgs/micro_ros_msgs/msg/detail/graph__traits.hpp
[13.124s] -- Up-to-date symlink: /home/rens/linorobot2_ws/install/micro_ros_msgs/include/micro_ros_msgs/micro_ros_msgs/msg/detail/graph__type_support.hpp
[13.136s] -- Up-to-date symlink: /home/rens/linorobot2_ws/install/micro_ros_msgs/include/micro_ros_msgs/micro_ros_msgs/msg/detail/node__builder.hpp
[13.137s] -- Up-to-date symlink: /home/rens/linorobot2_ws/install/micro_ros_msgs/include/micro_ros_msgs/micro_ros_msgs/msg/detail/node__struct.hpp
[13.137s] -- Up-to-date symlink: /home/rens/linorobot2_ws/install/micro_ros_msgs/include/micro_ros_msgs/micro_ros_msgs/msg/detail/node__traits.hpp
[13.146s] -- Up-to-date symlink: /home/rens/linorobot2_ws/install/micro_ros_msgs/include/micro_ros_msgs/micro_ros_msgs/msg/detail/node__type_support.hpp
[13.146s] -- Up-to-date symlink: /home/rens/linorobot2_ws/install/micro_ros_msgs/include/micro_ros_msgs/micro_ros_msgs/msg/entity.hpp
[13.152s] -- Up-to-date symlink: /home/rens/linorobot2_ws/install/micro_ros_msgs/include/micro_ros_msgs/micro_ros_msgs/msg/graph.hpp
[13.153s] -- Up-to-date symlink: /home/rens/linorobot2_ws/install/micro_ros_msgs/include/micro_ros_msgs/micro_ros_msgs/msg/node.hpp
[13.153s] -- Up-to-date symlink: /home/rens/linorobot2_ws/install/micro_ros_msgs/include/micro_ros_msgs/micro_ros_msgs/msg/rosidl_generator_cpp__visibility_control.hpp
[13.171s] -- Up-to-date symlink: /home/rens/linorobot2_ws/install/micro_ros_msgs/include/micro_ros_msgs/micro_ros_msgs/msg/detail/entity__rosidl_typesupport_fastrtps_cpp.hpp
[13.171s] -- Up-to-date symlink: /home/rens/linorobot2_ws/install/micro_ros_msgs/include/micro_ros_msgs/micro_ros_msgs/msg/detail/graph__rosidl_typesupport_fastrtps_cpp.hpp
[13.172s] -- Up-to-date symlink: /home/rens/linorobot2_ws/install/micro_ros_msgs/include/micro_ros_msgs/micro_ros_msgs/msg/detail/node__rosidl_typesupport_fastrtps_cpp.hpp
[13.172s] -- Up-to-date symlink: /home/rens/linorobot2_ws/install/micro_ros_msgs/include/micro_ros_msgs/micro_ros_msgs/msg/rosidl_typesupport_fastrtps_cpp__visibility_control.h
[13.182s] -- Up-to-date symlink: /home/rens/linorobot2_ws/install/micro_ros_msgs/include/micro_ros_msgs/micro_ros_msgs/msg/detail/entity__rosidl_typesupport_introspection_cpp.hpp
[13.183s] -- Up-to-date symlink: /home/rens/linorobot2_ws/install/micro_ros_msgs/include/micro_ros_msgs/micro_ros_msgs/msg/detail/graph__rosidl_typesupport_introspection_cpp.hpp
[13.183s] -- Up-to-date symlink: /home/rens/linorobot2_ws/install/micro_ros_msgs/include/micro_ros_msgs/micro_ros_msgs/msg/detail/node__rosidl_typesupport_introspection_cpp.hpp
[13.189s] -- Up-to-date symlink: /home/rens/linorobot2_ws/install/micro_ros_msgs/share/micro_ros_msgs/environment/pythonpath.sh
[13.191s] -- Up-to-date symlink: /home/rens/linorobot2_ws/install/micro_ros_msgs/share/micro_ros_msgs/environment/pythonpath.dsv
[13.197s] -- Up-to-date symlink: /home/rens/linorobot2_ws/install/micro_ros_msgs/lib/python3.12/site-packages/micro_ros_msgs-5.0.2-py3.12.egg-info/PKG-INFO
[13.198s] -- Up-to-date symlink: /home/rens/linorobot2_ws/install/micro_ros_msgs/lib/python3.12/site-packages/micro_ros_msgs-5.0.2-py3.12.egg-info/SOURCES.txt
[13.198s] -- Up-to-date symlink: /home/rens/linorobot2_ws/install/micro_ros_msgs/lib/python3.12/site-packages/micro_ros_msgs-5.0.2-py3.12.egg-info/dependency_links.txt
[13.199s] -- Up-to-date symlink: /home/rens/linorobot2_ws/install/micro_ros_msgs/lib/python3.12/site-packages/micro_ros_msgs-5.0.2-py3.12.egg-info/top_level.txt
[13.213s] -- Up-to-date symlink: /home/rens/linorobot2_ws/install/micro_ros_msgs/lib/python3.12/site-packages/micro_ros_msgs/__init__.py
[13.214s] -- Up-to-date symlink: /home/rens/linorobot2_ws/install/micro_ros_msgs/lib/python3.12/site-packages/micro_ros_msgs/_micro_ros_msgs_s.ep.rosidl_typesupport_c.c
[13.214s] -- Up-to-date symlink: /home/rens/linorobot2_ws/install/micro_ros_msgs/lib/python3.12/site-packages/micro_ros_msgs/_micro_ros_msgs_s.ep.rosidl_typesupport_fastrtps_c.c
[13.215s] -- Up-to-date symlink: /home/rens/linorobot2_ws/install/micro_ros_msgs/lib/python3.12/site-packages/micro_ros_msgs/_micro_ros_msgs_s.ep.rosidl_typesupport_introspection_c.c
[13.224s] -- Up-to-date symlink: /home/rens/linorobot2_ws/install/micro_ros_msgs/lib/python3.12/site-packages/micro_ros_msgs/micro_ros_msgs_s__rosidl_typesupport_c.so
[13.227s] -- Up-to-date symlink: /home/rens/linorobot2_ws/install/micro_ros_msgs/lib/python3.12/site-packages/micro_ros_msgs/micro_ros_msgs_s__rosidl_typesupport_fastrtps_c.so
[13.228s] -- Up-to-date symlink: /home/rens/linorobot2_ws/install/micro_ros_msgs/lib/python3.12/site-packages/micro_ros_msgs/micro_ros_msgs_s__rosidl_typesupport_introspection_c.so
[13.228s] -- Up-to-date symlink: /home/rens/linorobot2_ws/install/micro_ros_msgs/lib/python3.12/site-packages/micro_ros_msgs/msg/__init__.py
[13.236s] -- Up-to-date symlink: /home/rens/linorobot2_ws/install/micro_ros_msgs/lib/python3.12/site-packages/micro_ros_msgs/msg/_entity.py
[13.237s] -- Up-to-date symlink: /home/rens/linorobot2_ws/install/micro_ros_msgs/lib/python3.12/site-packages/micro_ros_msgs/msg/_entity_s.c
[13.238s] -- Up-to-date symlink: /home/rens/linorobot2_ws/install/micro_ros_msgs/lib/python3.12/site-packages/micro_ros_msgs/msg/_graph.py
[13.244s] -- Up-to-date symlink: /home/rens/linorobot2_ws/install/micro_ros_msgs/lib/python3.12/site-packages/micro_ros_msgs/msg/_graph_s.c
[13.245s] -- Up-to-date symlink: /home/rens/linorobot2_ws/install/micro_ros_msgs/lib/python3.12/site-packages/micro_ros_msgs/msg/_node.py
[13.246s] -- Up-to-date symlink: /home/rens/linorobot2_ws/install/micro_ros_msgs/lib/python3.12/site-packages/micro_ros_msgs/msg/_node_s.c
[13.253s] -- Up-to-date symlink: /home/rens/linorobot2_ws/install/micro_ros_msgs/lib/python3.12/site-packages/micro_ros_msgs/micro_ros_msgs_s__rosidl_typesupport_fastrtps_c.so
[13.259s] -- Up-to-date symlink: /home/rens/linorobot2_ws/install/micro_ros_msgs/lib/python3.12/site-packages/micro_ros_msgs/micro_ros_msgs_s__rosidl_typesupport_introspection_c.so
[13.261s] -- Up-to-date symlink: /home/rens/linorobot2_ws/install/micro_ros_msgs/lib/python3.12/site-packages/micro_ros_msgs/micro_ros_msgs_s__rosidl_typesupport_c.so
[13.262s] -- Up-to-date symlink: /home/rens/linorobot2_ws/install/micro_ros_msgs/share/micro_ros_msgs/msg/Graph.idl
[13.268s] -- Up-to-date symlink: /home/rens/linorobot2_ws/install/micro_ros_msgs/share/micro_ros_msgs/msg/Node.idl
[13.269s] -- Up-to-date symlink: /home/rens/linorobot2_ws/install/micro_ros_msgs/share/micro_ros_msgs/msg/Entity.idl
[13.269s] -- Up-to-date symlink: /home/rens/linorobot2_ws/install/micro_ros_msgs/share/micro_ros_msgs/msg/Graph.msg
[13.293s] -- Up-to-date symlink: /home/rens/linorobot2_ws/install/micro_ros_msgs/share/micro_ros_msgs/msg/Node.msg
[13.294s] -- Up-to-date symlink: /home/rens/linorobot2_ws/install/micro_ros_msgs/share/micro_ros_msgs/msg/Entity.msg
[13.312s] -- Up-to-date symlink: /home/rens/linorobot2_ws/install/micro_ros_msgs/share/ament_index/resource_index/package_run_dependencies/micro_ros_msgs
[13.312s] -- Up-to-date symlink: /home/rens/linorobot2_ws/install/micro_ros_msgs/share/ament_index/resource_index/parent_prefix_path/micro_ros_msgs
[13.325s] -- Up-to-date symlink: /home/rens/linorobot2_ws/install/micro_ros_msgs/share/micro_ros_msgs/environment/ament_prefix_path.sh
[13.327s] -- Up-to-date symlink: /home/rens/linorobot2_ws/install/micro_ros_msgs/share/micro_ros_msgs/environment/ament_prefix_path.dsv
[13.332s] -- Up-to-date symlink: /home/rens/linorobot2_ws/install/micro_ros_msgs/share/micro_ros_msgs/environment/path.sh
[13.333s] -- Up-to-date symlink: /home/rens/linorobot2_ws/install/micro_ros_msgs/share/micro_ros_msgs/environment/path.dsv
[13.339s] -- Up-to-date symlink: /home/rens/linorobot2_ws/install/micro_ros_msgs/share/micro_ros_msgs/local_setup.bash
[13.340s] -- Up-to-date symlink: /home/rens/linorobot2_ws/install/micro_ros_msgs/share/micro_ros_msgs/local_setup.sh
[13.340s] -- Up-to-date symlink: /home/rens/linorobot2_ws/install/micro_ros_msgs/share/micro_ros_msgs/local_setup.zsh
[13.345s] -- Up-to-date symlink: /home/rens/linorobot2_ws/install/micro_ros_msgs/share/micro_ros_msgs/local_setup.dsv
[13.351s] -- Symlinking: /home/rens/linorobot2_ws/install/micro_ros_msgs/share/micro_ros_msgs/package.dsv
[13.472s] -- Up-to-date symlink: /home/rens/linorobot2_ws/install/micro_ros_msgs/share/ament_index/resource_index/packages/micro_ros_msgs
[13.475s] -- Up-to-date symlink: /home/rens/linorobot2_ws/install/micro_ros_msgs/share/micro_ros_msgs/cmake/rosidl_cmake-extras.cmake
[13.480s] -- Up-to-date symlink: /home/rens/linorobot2_ws/install/micro_ros_msgs/share/micro_ros_msgs/cmake/ament_cmake_export_include_directories-extras.cmake
[13.486s] -- Up-to-date symlink: /home/rens/linorobot2_ws/install/micro_ros_msgs/share/micro_ros_msgs/cmake/ament_cmake_export_libraries-extras.cmake
[13.489s] -- Up-to-date symlink: /home/rens/linorobot2_ws/install/micro_ros_msgs/share/micro_ros_msgs/cmake/ament_cmake_export_targets-extras.cmake
[13.497s] -- Up-to-date symlink: /home/rens/linorobot2_ws/install/micro_ros_msgs/share/micro_ros_msgs/cmake/rosidl_cmake_export_typesupport_targets-extras.cmake
[13.507s] -- Up-to-date symlink: /home/rens/linorobot2_ws/install/micro_ros_msgs/share/micro_ros_msgs/cmake/ament_cmake_export_dependencies-extras.cmake
[13.510s] -- Up-to-date symlink: /home/rens/linorobot2_ws/install/micro_ros_msgs/share/micro_ros_msgs/cmake/rosidl_cmake_export_typesupport_libraries-extras.cmake
[13.516s] -- Up-to-date symlink: /home/rens/linorobot2_ws/install/micro_ros_msgs/share/micro_ros_msgs/cmake/micro_ros_msgsConfig.cmake
[13.518s] -- Up-to-date symlink: /home/rens/linorobot2_ws/install/micro_ros_msgs/share/micro_ros_msgs/cmake/micro_ros_msgsConfig-version.cmake
[13.519s] -- Up-to-date symlink: /home/rens/linorobot2_ws/install/micro_ros_msgs/share/micro_ros_msgs/package.xml
[13.522s] -- Up-to-date: /home/rens/linorobot2_ws/install/micro_ros_msgs/lib/libmicro_ros_msgs__rosidl_generator_c.so
[13.526s] -- Up-to-date: /home/rens/linorobot2_ws/install/micro_ros_msgs/lib/libmicro_ros_msgs__rosidl_typesupport_fastrtps_c.so
[13.529s] -- Up-to-date: /home/rens/linorobot2_ws/install/micro_ros_msgs/lib/libmicro_ros_msgs__rosidl_typesupport_introspection_c.so
[13.533s] -- Up-to-date: /home/rens/linorobot2_ws/install/micro_ros_msgs/lib/libmicro_ros_msgs__rosidl_typesupport_c.so
[13.537s] -- Up-to-date: /home/rens/linorobot2_ws/install/micro_ros_msgs/lib/libmicro_ros_msgs__rosidl_typesupport_fastrtps_cpp.so
[13.540s] -- Up-to-date: /home/rens/linorobot2_ws/install/micro_ros_msgs/lib/libmicro_ros_msgs__rosidl_typesupport_introspection_cpp.so
[13.543s] -- Up-to-date: /home/rens/linorobot2_ws/install/micro_ros_msgs/lib/libmicro_ros_msgs__rosidl_typesupport_cpp.so
[13.744s] Listing '/home/rens/linorobot2_ws/install/micro_ros_msgs/lib/python3.12/site-packages/micro_ros_msgs'...
[13.750s] Compiling '/home/rens/linorobot2_ws/install/micro_ros_msgs/lib/python3.12/site-packages/micro_ros_msgs/__init__.py'...
[13.751s] Listing '/home/rens/linorobot2_ws/install/micro_ros_msgs/lib/python3.12/site-packages/micro_ros_msgs/msg'...
[13.795s] -- Up-to-date: /home/rens/linorobot2_ws/install/micro_ros_msgs/lib/libmicro_ros_msgs__rosidl_generator_py.so
[13.798s] -- Up-to-date: /home/rens/linorobot2_ws/install/micro_ros_msgs/share/micro_ros_msgs/cmake/export_micro_ros_msgs__rosidl_generator_cExport.cmake
[13.801s] -- Up-to-date: /home/rens/linorobot2_ws/install/micro_ros_msgs/share/micro_ros_msgs/cmake/export_micro_ros_msgs__rosidl_generator_cExport-noconfig.cmake
[13.802s] -- Up-to-date: /home/rens/linorobot2_ws/install/micro_ros_msgs/share/micro_ros_msgs/cmake/export_micro_ros_msgs__rosidl_typesupport_fastrtps_cExport.cmake
[13.806s] -- Up-to-date: /home/rens/linorobot2_ws/install/micro_ros_msgs/share/micro_ros_msgs/cmake/export_micro_ros_msgs__rosidl_typesupport_fastrtps_cExport-noconfig.cmake
[13.806s] -- Up-to-date: /home/rens/linorobot2_ws/install/micro_ros_msgs/share/micro_ros_msgs/cmake/micro_ros_msgs__rosidl_typesupport_introspection_cExport.cmake
[13.807s] -- Up-to-date: /home/rens/linorobot2_ws/install/micro_ros_msgs/share/micro_ros_msgs/cmake/micro_ros_msgs__rosidl_typesupport_introspection_cExport-noconfig.cmake
[13.808s] -- Up-to-date: /home/rens/linorobot2_ws/install/micro_ros_msgs/share/micro_ros_msgs/cmake/micro_ros_msgs__rosidl_typesupport_cExport.cmake
[13.808s] -- Up-to-date: /home/rens/linorobot2_ws/install/micro_ros_msgs/share/micro_ros_msgs/cmake/micro_ros_msgs__rosidl_typesupport_cExport-noconfig.cmake
[13.812s] -- Up-to-date: /home/rens/linorobot2_ws/install/micro_ros_msgs/share/micro_ros_msgs/cmake/export_micro_ros_msgs__rosidl_generator_cppExport.cmake
[13.812s] -- Up-to-date: /home/rens/linorobot2_ws/install/micro_ros_msgs/share/micro_ros_msgs/cmake/export_micro_ros_msgs__rosidl_typesupport_fastrtps_cppExport.cmake
[13.813s] -- Up-to-date: /home/rens/linorobot2_ws/install/micro_ros_msgs/share/micro_ros_msgs/cmake/export_micro_ros_msgs__rosidl_typesupport_fastrtps_cppExport-noconfig.cmake
[13.817s] -- Up-to-date: /home/rens/linorobot2_ws/install/micro_ros_msgs/share/micro_ros_msgs/cmake/micro_ros_msgs__rosidl_typesupport_introspection_cppExport.cmake
[13.817s] -- Up-to-date: /home/rens/linorobot2_ws/install/micro_ros_msgs/share/micro_ros_msgs/cmake/micro_ros_msgs__rosidl_typesupport_introspection_cppExport-noconfig.cmake
[13.818s] -- Up-to-date: /home/rens/linorobot2_ws/install/micro_ros_msgs/share/micro_ros_msgs/cmake/micro_ros_msgs__rosidl_typesupport_cppExport.cmake
[13.819s] -- Up-to-date: /home/rens/linorobot2_ws/install/micro_ros_msgs/share/micro_ros_msgs/cmake/micro_ros_msgs__rosidl_typesupport_cppExport-noconfig.cmake
[13.823s] -- Up-to-date: /home/rens/linorobot2_ws/install/micro_ros_msgs/share/micro_ros_msgs/cmake/export_micro_ros_msgs__rosidl_generator_pyExport.cmake
[13.824s] -- Up-to-date: /home/rens/linorobot2_ws/install/micro_ros_msgs/share/micro_ros_msgs/cmake/export_micro_ros_msgs__rosidl_generator_pyExport-noconfig.cmake
[13.831s] Invoked command in '/home/rens/linorobot2_ws/build/micro_ros_msgs' returned '0': CMAKE_PREFIX_PATH=${CMAKE_PREFIX_PATH}:/opt/ros/jazzy /usr/bin/cmake --install /home/rens/linorobot2_ws/build/micro_ros_msgs
