[0.105s] Invoking command in '/home/rens/linorobot2_ws/build/linorobot2': CMAKE_PREFIX_PATH=${CMAKE_PREFIX_PATH}:/home/rens/linorobot2_ws/install/linorobot2_navigation:/home/rens/linorobot2_ws/install/linorobot2_description:/home/rens/linorobot2_ws/install/linorobot2_base:/home/rens/linorobot2_ws/install/linorobot2:/opt/ros/jazzy /usr/bin/cmake /home/rens/linorobot2_ws/src/linorobot2/linorobot2 -DAMENT_CMAKE_SYMLINK_INSTALL=1 -DCMAKE_INSTALL_PREFIX=/home/rens/linorobot2_ws/install/linorobot2
[0.652s] -- The C compiler identification is GNU 13.3.0
[1.813s] -- The CXX compiler identification is GNU 13.3.0
[2.002s] -- Detecting C compiler ABI info
[2.985s] -- Detecting C compiler ABI info - done
[3.082s] -- Check for working C compiler: /usr/bin/cc - skipped
[3.083s] -- Detecting C compile features
[3.089s] -- Detecting C compile features - done
[3.177s] -- Detecting CXX compiler ABI info
[4.349s] -- Detecting CXX compiler ABI info - done
[4.408s] -- Check for working CXX compiler: /usr/bin/c++ - skipped
[4.410s] -- Detecting CXX compile features
[4.412s] -- Detecting CXX compile features - done
[4.476s] -- Found ament_cmake: 2.5.4 (/opt/ros/jazzy/share/ament_cmake/cmake)
[6.580s] -- Found Python3: /usr/bin/python3 (found version "3.12.3") found components: Interpreter 
[7.310s] -- Override CMake install command with custom implementation using symlinks instead of copying resources
[9.250s] -- Configuring done (9.0s)
[9.276s] -- Generating done (0.0s)
[9.288s] -- Build files have been written to: /home/rens/linorobot2_ws/build/linorobot2
[9.338s] Invoked command in '/home/rens/linorobot2_ws/build/linorobot2' returned '0': CMAKE_PREFIX_PATH=${CMAKE_PREFIX_PATH}:/home/rens/linorobot2_ws/install/linorobot2_navigation:/home/rens/linorobot2_ws/install/linorobot2_description:/home/rens/linorobot2_ws/install/linorobot2_base:/home/rens/linorobot2_ws/install/linorobot2:/opt/ros/jazzy /usr/bin/cmake /home/rens/linorobot2_ws/src/linorobot2/linorobot2 -DAMENT_CMAKE_SYMLINK_INSTALL=1 -DCMAKE_INSTALL_PREFIX=/home/rens/linorobot2_ws/install/linorobot2
[9.339s] Invoking command in '/home/rens/linorobot2_ws/build/linorobot2': CMAKE_PREFIX_PATH=${CMAKE_PREFIX_PATH}:/home/rens/linorobot2_ws/install/linorobot2_navigation:/home/rens/linorobot2_ws/install/linorobot2_description:/home/rens/linorobot2_ws/install/linorobot2_base:/home/rens/linorobot2_ws/install/linorobot2:/opt/ros/jazzy /usr/bin/cmake --build /home/rens/linorobot2_ws/build/linorobot2 -- -j4 -l4
[9.953s] Invoked command in '/home/rens/linorobot2_ws/build/linorobot2' returned '0': CMAKE_PREFIX_PATH=${CMAKE_PREFIX_PATH}:/home/rens/linorobot2_ws/install/linorobot2_navigation:/home/rens/linorobot2_ws/install/linorobot2_description:/home/rens/linorobot2_ws/install/linorobot2_base:/home/rens/linorobot2_ws/install/linorobot2:/opt/ros/jazzy /usr/bin/cmake --build /home/rens/linorobot2_ws/build/linorobot2 -- -j4 -l4
[9.960s] Invoking command in '/home/rens/linorobot2_ws/build/linorobot2': CMAKE_PREFIX_PATH=${CMAKE_PREFIX_PATH}:/home/rens/linorobot2_ws/install/linorobot2_navigation:/home/rens/linorobot2_ws/install/linorobot2_description:/home/rens/linorobot2_ws/install/linorobot2_base:/home/rens/linorobot2_ws/install/linorobot2:/opt/ros/jazzy /usr/bin/cmake --install /home/rens/linorobot2_ws/build/linorobot2
[10.041s] -- Install configuration: ""
[10.043s] -- Execute custom install script
[10.050s] -- Symlinking: /home/rens/linorobot2_ws/install/linorobot2/share/ament_index/resource_index/package_run_dependencies/linorobot2
[10.191s] -- Symlinking: /home/rens/linorobot2_ws/install/linorobot2/share/ament_index/resource_index/parent_prefix_path/linorobot2
[10.281s] -- Symlinking: /home/rens/linorobot2_ws/install/linorobot2/share/linorobot2/environment/ament_prefix_path.sh
[10.368s] -- Symlinking: /home/rens/linorobot2_ws/install/linorobot2/share/linorobot2/environment/ament_prefix_path.dsv
[10.451s] -- Symlinking: /home/rens/linorobot2_ws/install/linorobot2/share/linorobot2/environment/path.sh
[10.537s] -- Symlinking: /home/rens/linorobot2_ws/install/linorobot2/share/linorobot2/environment/path.dsv
[10.622s] -- Symlinking: /home/rens/linorobot2_ws/install/linorobot2/share/linorobot2/local_setup.bash
[10.702s] -- Symlinking: /home/rens/linorobot2_ws/install/linorobot2/share/linorobot2/local_setup.sh
[10.780s] -- Symlinking: /home/rens/linorobot2_ws/install/linorobot2/share/linorobot2/local_setup.zsh
[10.859s] -- Symlinking: /home/rens/linorobot2_ws/install/linorobot2/share/linorobot2/local_setup.dsv
[10.938s] -- Symlinking: /home/rens/linorobot2_ws/install/linorobot2/share/linorobot2/package.dsv
[11.016s] -- Symlinking: /home/rens/linorobot2_ws/install/linorobot2/share/ament_index/resource_index/packages/linorobot2
[11.102s] -- Symlinking: /home/rens/linorobot2_ws/install/linorobot2/share/linorobot2/cmake/linorobot2Config.cmake
[11.206s] -- Symlinking: /home/rens/linorobot2_ws/install/linorobot2/share/linorobot2/cmake/linorobot2Config-version.cmake
[11.292s] -- Symlinking: /home/rens/linorobot2_ws/install/linorobot2/share/linorobot2/package.xml
[11.380s] Invoked command in '/home/rens/linorobot2_ws/build/linorobot2' returned '0': CMAKE_PREFIX_PATH=${CMAKE_PREFIX_PATH}:/home/rens/linorobot2_ws/install/linorobot2_navigation:/home/rens/linorobot2_ws/install/linorobot2_description:/home/rens/linorobot2_ws/install/linorobot2_base:/home/rens/linorobot2_ws/install/linorobot2:/opt/ros/jazzy /usr/bin/cmake --install /home/rens/linorobot2_ws/build/linorobot2
