[0.299s] Invoking command in '/home/rens/linorobot2_ws/build/micro_ros_setup': CMAKE_PREFIX_PATH=${CMAKE_PREFIX_PATH}:/opt/ros/jazzy /usr/bin/cmake --build /home/rens/linorobot2_ws/build/micro_ros_setup -- -j4 -l4
[0.834s] Invoked command in '/home/rens/linorobot2_ws/build/micro_ros_setup' returned '0': CMAKE_PREFIX_PATH=${CMAKE_PREFIX_PATH}:/opt/ros/jazzy /usr/bin/cmake --build /home/rens/linorobot2_ws/build/micro_ros_setup -- -j4 -l4
[0.835s] Invoking command in '/home/rens/linorobot2_ws/build/micro_ros_setup': CMAKE_PREFIX_PATH=${CMAKE_PREFIX_PATH}:/opt/ros/jazzy /usr/bin/cmake --install /home/rens/linorobot2_ws/build/micro_ros_setup
[0.922s] -- Install configuration: ""
[0.927s] -- Execute custom install script
[0.930s] -- Up-to-date symlink: /home/rens/linorobot2_ws/install/micro_ros_setup/share/ament_index/resource_index/package_run_dependencies/micro_ros_setup
[0.934s] -- Up-to-date symlink: /home/rens/linorobot2_ws/install/micro_ros_setup/share/ament_index/resource_index/parent_prefix_path/micro_ros_setup
[0.935s] -- Up-to-date symlink: /home/rens/linorobot2_ws/install/micro_ros_setup/share/micro_ros_setup/environment/ament_prefix_path.sh
[0.937s] -- Up-to-date symlink: /home/rens/linorobot2_ws/install/micro_ros_setup/share/micro_ros_setup/environment/ament_prefix_path.dsv
[0.941s] -- Up-to-date symlink: /home/rens/linorobot2_ws/install/micro_ros_setup/share/micro_ros_setup/environment/path.sh
[0.942s] -- Up-to-date symlink: /home/rens/linorobot2_ws/install/micro_ros_setup/share/micro_ros_setup/environment/path.dsv
[0.944s] -- Up-to-date symlink: /home/rens/linorobot2_ws/install/micro_ros_setup/share/micro_ros_setup/local_setup.bash
[0.947s] -- Up-to-date symlink: /home/rens/linorobot2_ws/install/micro_ros_setup/share/micro_ros_setup/local_setup.sh
[0.950s] -- Up-to-date symlink: /home/rens/linorobot2_ws/install/micro_ros_setup/share/micro_ros_setup/local_setup.zsh
[0.952s] -- Up-to-date symlink: /home/rens/linorobot2_ws/install/micro_ros_setup/share/micro_ros_setup/local_setup.dsv
[0.954s] -- Symlinking: /home/rens/linorobot2_ws/install/micro_ros_setup/share/micro_ros_setup/package.dsv
[1.111s] -- Up-to-date symlink: /home/rens/linorobot2_ws/install/micro_ros_setup/share/ament_index/resource_index/packages/micro_ros_setup
[1.118s] -- Up-to-date symlink: /home/rens/linorobot2_ws/install/micro_ros_setup/share/micro_ros_setup/cmake/micro_ros_setupConfig.cmake
[1.122s] -- Up-to-date symlink: /home/rens/linorobot2_ws/install/micro_ros_setup/share/micro_ros_setup/cmake/micro_ros_setupConfig-version.cmake
[1.126s] -- Up-to-date symlink: /home/rens/linorobot2_ws/install/micro_ros_setup/share/micro_ros_setup/package.xml
[1.141s] -- Up-to-date symlink: /home/rens/linorobot2_ws/install/micro_ros_setup/lib/micro_ros_setup/create_ws.sh
[1.142s] -- Up-to-date symlink: /home/rens/linorobot2_ws/install/micro_ros_setup/lib/micro_ros_setup/create_agent_ws.sh
[1.142s] -- Up-to-date symlink: /home/rens/linorobot2_ws/install/micro_ros_setup/lib/micro_ros_setup/create_firmware_ws.sh
[1.143s] -- Up-to-date symlink: /home/rens/linorobot2_ws/install/micro_ros_setup/lib/micro_ros_setup/configure_firmware.sh
[1.145s] -- Up-to-date symlink: /home/rens/linorobot2_ws/install/micro_ros_setup/lib/micro_ros_setup/flash_firmware.sh
[1.148s] -- Up-to-date symlink: /home/rens/linorobot2_ws/install/micro_ros_setup/lib/micro_ros_setup/build_firmware.sh
[1.150s] -- Up-to-date symlink: /home/rens/linorobot2_ws/install/micro_ros_setup/lib/micro_ros_setup/build_agent.sh
[1.152s] -- Up-to-date symlink: /home/rens/linorobot2_ws/install/micro_ros_setup/lib/micro_ros_setup/yaml_filter.py
[1.155s] -- Up-to-date symlink: /home/rens/linorobot2_ws/install/micro_ros_setup/lib/micro_ros_setup/clean_env.sh
[1.157s] -- Up-to-date symlink: /home/rens/linorobot2_ws/install/micro_ros_setup/lib/micro_ros_setup/component
[1.159s] -- Up-to-date: /home/rens/linorobot2_ws/install/micro_ros_setup/./config
[1.161s] -- Up-to-date: /home/rens/linorobot2_ws/install/micro_ros_setup/./config/generate_lib
[1.164s] -- Up-to-date: /home/rens/linorobot2_ws/install/micro_ros_setup/./config/generate_lib/generic
[1.166s] -- Up-to-date: /home/rens/linorobot2_ws/install/micro_ros_setup/./config/generate_lib/generic/demo_toolchain.cmake
[1.169s] -- Up-to-date: /home/rens/linorobot2_ws/install/micro_ros_setup/./config/generate_lib/generic/package.xml
[1.170s] -- Up-to-date: /home/rens/linorobot2_ws/install/micro_ros_setup/./config/generate_lib/generic/flash.sh
[1.171s] -- Up-to-date: /home/rens/linorobot2_ws/install/micro_ros_setup/./config/generate_lib/generic/client-colcon.meta
[1.171s] -- Up-to-date: /home/rens/linorobot2_ws/install/micro_ros_setup/./config/generate_lib/generic/create.sh
[1.172s] -- Up-to-date: /home/rens/linorobot2_ws/install/micro_ros_setup/./config/generate_lib/generic/client_uros_packages.repos
[1.179s] -- Up-to-date: /home/rens/linorobot2_ws/install/micro_ros_setup/./config/generate_lib/generic/build.sh
[1.180s] -- Up-to-date: /home/rens/linorobot2_ws/install/micro_ros_setup/./config/generate_lib/dev_ros2_packages.txt
[1.180s] -- Up-to-date: /home/rens/linorobot2_ws/install/micro_ros_setup/./config/generate_lib/dev_uros_packages.repos
[1.189s] -- Up-to-date: /home/rens/linorobot2_ws/install/micro_ros_setup/./config/host
[1.194s] -- Up-to-date: /home/rens/linorobot2_ws/install/micro_ros_setup/./config/host/client_ros2_packages.txt
[1.194s] -- Up-to-date: /home/rens/linorobot2_ws/install/micro_ros_setup/./config/host/generic
[1.195s] -- Up-to-date: /home/rens/linorobot2_ws/install/micro_ros_setup/./config/host/generic/client-host-colcon.meta
[1.195s] -- Up-to-date: /home/rens/linorobot2_ws/install/micro_ros_setup/./config/host/generic/package.xml
[1.196s] -- Up-to-date: /home/rens/linorobot2_ws/install/micro_ros_setup/./config/host/generic/flash.sh
[1.200s] -- Up-to-date: /home/rens/linorobot2_ws/install/micro_ros_setup/./config/host/generic/create.sh
[1.200s] -- Up-to-date: /home/rens/linorobot2_ws/install/micro_ros_setup/./config/host/generic/client_host_packages.repos
[1.201s] -- Up-to-date: /home/rens/linorobot2_ws/install/micro_ros_setup/./config/host/generic/build.sh
[1.201s] -- Up-to-date: /home/rens/linorobot2_ws/install/micro_ros_setup/./config/host/dev_ros2_packages.txt
[1.203s] -- Up-to-date: /home/rens/linorobot2_ws/install/micro_ros_setup/./config/host/dev_uros_packages.repos
[1.204s] -- Up-to-date: /home/rens/linorobot2_ws/install/micro_ros_setup/./config/utils.sh
[1.205s] -- Up-to-date: /home/rens/linorobot2_ws/install/micro_ros_setup/./config/zephyr
[1.206s] -- Up-to-date: /home/rens/linorobot2_ws/install/micro_ros_setup/./config/zephyr/list_apps.sh
[1.212s] -- Up-to-date: /home/rens/linorobot2_ws/install/micro_ros_setup/./config/zephyr/generic
[1.213s] -- Up-to-date: /home/rens/linorobot2_ws/install/micro_ros_setup/./config/zephyr/generic/package.xml
[1.214s] -- Up-to-date: /home/rens/linorobot2_ws/install/micro_ros_setup/./config/zephyr/generic/flash.sh
[1.214s] -- Up-to-date: /home/rens/linorobot2_ws/install/micro_ros_setup/./config/zephyr/generic/supported_platforms
[1.215s] -- Up-to-date: /home/rens/linorobot2_ws/install/micro_ros_setup/./config/zephyr/generic/client-colcon.meta
[1.218s] -- Up-to-date: /home/rens/linorobot2_ws/install/micro_ros_setup/./config/zephyr/generic/create.sh
[1.219s] -- Up-to-date: /home/rens/linorobot2_ws/install/micro_ros_setup/./config/zephyr/generic/client_uros_packages.repos
[1.220s] -- Up-to-date: /home/rens/linorobot2_ws/install/micro_ros_setup/./config/zephyr/generic/board.repos
[1.220s] -- Up-to-date: /home/rens/linorobot2_ws/install/micro_ros_setup/./config/zephyr/generic/build.sh
[1.221s] -- Up-to-date: /home/rens/linorobot2_ws/install/micro_ros_setup/./config/zephyr/generic/configure.sh
[1.225s] -- Up-to-date: /home/rens/linorobot2_ws/install/micro_ros_setup/./config/zephyr/dev_ros2_packages.txt
[1.226s] -- Up-to-date: /home/rens/linorobot2_ws/install/micro_ros_setup/./config/zephyr/dev_uros_packages.repos
[1.226s] -- Up-to-date: /home/rens/linorobot2_ws/install/micro_ros_setup/./config/client_ros2_packages.txt
[1.227s] -- Up-to-date: /home/rens/linorobot2_ws/install/micro_ros_setup/./config/agent_uros_packages.repos
[1.228s] -- Up-to-date: /home/rens/linorobot2_ws/install/micro_ros_setup/./config/raspbian
[1.235s] -- Up-to-date: /home/rens/linorobot2_ws/install/micro_ros_setup/./config/raspbian/generic
[1.236s] -- Up-to-date: /home/rens/linorobot2_ws/install/micro_ros_setup/./config/raspbian/generic/flash.sh
[1.236s] -- Up-to-date: /home/rens/linorobot2_ws/install/micro_ros_setup/./config/raspbian/generic/supported_platforms
[1.237s] -- Up-to-date: /home/rens/linorobot2_ws/install/micro_ros_setup/./config/raspbian/generic/client-colcon.meta
[1.237s] -- Up-to-date: /home/rens/linorobot2_ws/install/micro_ros_setup/./config/raspbian/generic/create.sh
[1.238s] -- Up-to-date: /home/rens/linorobot2_ws/install/micro_ros_setup/./config/raspbian/generic/client_uros_packages.repos
[1.241s] -- Up-to-date: /home/rens/linorobot2_ws/install/micro_ros_setup/./config/raspbian/generic/build.sh
[1.242s] -- Up-to-date: /home/rens/linorobot2_ws/install/micro_ros_setup/./config/raspbian/generic/configure.sh
[1.242s] -- Up-to-date: /home/rens/linorobot2_ws/install/micro_ros_setup/./config/raspbian/dev_ros2_packages.txt
[1.243s] -- Up-to-date: /home/rens/linorobot2_ws/install/micro_ros_setup/./config/raspbian/dev_uros_packages.repos
[1.248s] -- Up-to-date: /home/rens/linorobot2_ws/install/micro_ros_setup/./config/client_uros_packages.repos
[1.249s] -- Up-to-date: /home/rens/linorobot2_ws/install/micro_ros_setup/./config/android
[1.250s] -- Up-to-date: /home/rens/linorobot2_ws/install/micro_ros_setup/./config/android/generic
[1.251s] -- Up-to-date: /home/rens/linorobot2_ws/install/micro_ros_setup/./config/android/generic/package.xml
[1.252s] -- Up-to-date: /home/rens/linorobot2_ws/install/micro_ros_setup/./config/android/generic/flash.sh
[1.253s] -- Up-to-date: /home/rens/linorobot2_ws/install/micro_ros_setup/./config/android/generic/client-colcon.meta
[1.257s] -- Up-to-date: /home/rens/linorobot2_ws/install/micro_ros_setup/./config/android/generic/create.sh
[1.258s] -- Up-to-date: /home/rens/linorobot2_ws/install/micro_ros_setup/./config/android/generic/client_uros_packages.repos
[1.262s] -- Up-to-date: /home/rens/linorobot2_ws/install/micro_ros_setup/./config/android/generic/build.sh
[1.263s] -- Up-to-date: /home/rens/linorobot2_ws/install/micro_ros_setup/./config/android/dev_ros2_packages.txt
[1.264s] -- Up-to-date: /home/rens/linorobot2_ws/install/micro_ros_setup/./config/android/dev_uros_packages.repos
[1.268s] -- Up-to-date: /home/rens/linorobot2_ws/install/micro_ros_setup/./config/freertos
[1.269s] -- Up-to-date: /home/rens/linorobot2_ws/install/micro_ros_setup/./config/freertos/list_apps.sh
[1.270s] -- Up-to-date: /home/rens/linorobot2_ws/install/micro_ros_setup/./config/freertos/nucleo_f446re
[1.274s] -- Up-to-date: /home/rens/linorobot2_ws/install/micro_ros_setup/./config/freertos/nucleo_f446re/package.xml
[1.274s] -- Up-to-date: /home/rens/linorobot2_ws/install/micro_ros_setup/./config/freertos/nucleo_f446re/flash.sh
[1.275s] -- Up-to-date: /home/rens/linorobot2_ws/install/micro_ros_setup/./config/freertos/nucleo_f446re/client-colcon.meta
[1.276s] -- Up-to-date: /home/rens/linorobot2_ws/install/micro_ros_setup/./config/freertos/nucleo_f446re/create.sh
[1.279s] -- Up-to-date: /home/rens/linorobot2_ws/install/micro_ros_setup/./config/freertos/nucleo_f446re/client_uros_packages.repos
[1.280s] -- Up-to-date: /home/rens/linorobot2_ws/install/micro_ros_setup/./config/freertos/nucleo_f446re/board.repos
[1.281s] -- Up-to-date: /home/rens/linorobot2_ws/install/micro_ros_setup/./config/freertos/nucleo_f446re/build.sh
[1.282s] -- Up-to-date: /home/rens/linorobot2_ws/install/micro_ros_setup/./config/freertos/nucleo_f446re/configure.sh
[1.287s] -- Up-to-date: /home/rens/linorobot2_ws/install/micro_ros_setup/./config/freertos/nucleo_f446ze
[1.288s] -- Up-to-date: /home/rens/linorobot2_ws/install/micro_ros_setup/./config/freertos/nucleo_f446ze/package.xml
[1.288s] -- Up-to-date: /home/rens/linorobot2_ws/install/micro_ros_setup/./config/freertos/nucleo_f446ze/flash.sh
[1.289s] -- Up-to-date: /home/rens/linorobot2_ws/install/micro_ros_setup/./config/freertos/nucleo_f446ze/client-colcon.meta
[1.290s] -- Up-to-date: /home/rens/linorobot2_ws/install/micro_ros_setup/./config/freertos/nucleo_f446ze/create.sh
[1.294s] -- Up-to-date: /home/rens/linorobot2_ws/install/micro_ros_setup/./config/freertos/nucleo_f446ze/client_uros_packages.repos
[1.296s] -- Up-to-date: /home/rens/linorobot2_ws/install/micro_ros_setup/./config/freertos/nucleo_f446ze/board.repos
[1.299s] -- Up-to-date: /home/rens/linorobot2_ws/install/micro_ros_setup/./config/freertos/nucleo_f446ze/build.sh
[1.301s] -- Up-to-date: /home/rens/linorobot2_ws/install/micro_ros_setup/./config/freertos/nucleo_f446ze/configure.sh
[1.301s] -- Up-to-date: /home/rens/linorobot2_ws/install/micro_ros_setup/./config/freertos/olimex-stm32-e407
[1.302s] -- Up-to-date: /home/rens/linorobot2_ws/install/micro_ros_setup/./config/freertos/olimex-stm32-e407/package.xml
[1.302s] -- Up-to-date: /home/rens/linorobot2_ws/install/micro_ros_setup/./config/freertos/olimex-stm32-e407/flash.sh
[1.304s] -- Up-to-date: /home/rens/linorobot2_ws/install/micro_ros_setup/./config/freertos/olimex-stm32-e407/client-colcon.meta
[1.305s] -- Up-to-date: /home/rens/linorobot2_ws/install/micro_ros_setup/./config/freertos/olimex-stm32-e407/create.sh
[1.305s] -- Up-to-date: /home/rens/linorobot2_ws/install/micro_ros_setup/./config/freertos/olimex-stm32-e407/client_uros_packages.repos
[1.306s] -- Up-to-date: /home/rens/linorobot2_ws/install/micro_ros_setup/./config/freertos/olimex-stm32-e407/board.repos
[1.306s] -- Up-to-date: /home/rens/linorobot2_ws/install/micro_ros_setup/./config/freertos/olimex-stm32-e407/build.sh
[1.307s] -- Up-to-date: /home/rens/linorobot2_ws/install/micro_ros_setup/./config/freertos/olimex-stm32-e407/configure.sh
[1.308s] -- Up-to-date: /home/rens/linorobot2_ws/install/micro_ros_setup/./config/freertos/nucleo_f767zi
[1.308s] -- Up-to-date: /home/rens/linorobot2_ws/install/micro_ros_setup/./config/freertos/nucleo_f767zi/package.xml
[1.309s] -- Up-to-date: /home/rens/linorobot2_ws/install/micro_ros_setup/./config/freertos/nucleo_f767zi/flash.sh
[1.309s] -- Up-to-date: /home/rens/linorobot2_ws/install/micro_ros_setup/./config/freertos/nucleo_f767zi/client-colcon.meta
[1.310s] -- Up-to-date: /home/rens/linorobot2_ws/install/micro_ros_setup/./config/freertos/nucleo_f767zi/create.sh
[1.314s] -- Up-to-date: /home/rens/linorobot2_ws/install/micro_ros_setup/./config/freertos/nucleo_f767zi/client_uros_packages.repos
[1.315s] -- Up-to-date: /home/rens/linorobot2_ws/install/micro_ros_setup/./config/freertos/nucleo_f767zi/board.repos
[1.316s] -- Up-to-date: /home/rens/linorobot2_ws/install/micro_ros_setup/./config/freertos/nucleo_f767zi/build.sh
[1.316s] -- Up-to-date: /home/rens/linorobot2_ws/install/micro_ros_setup/./config/freertos/nucleo_f767zi/configure.sh
[1.317s] -- Up-to-date: /home/rens/linorobot2_ws/install/micro_ros_setup/./config/freertos/nucleo_f746zg
[1.317s] -- Up-to-date: /home/rens/linorobot2_ws/install/micro_ros_setup/./config/freertos/nucleo_f746zg/package.xml
[1.318s] -- Up-to-date: /home/rens/linorobot2_ws/install/micro_ros_setup/./config/freertos/nucleo_f746zg/flash.sh
[1.320s] -- Up-to-date: /home/rens/linorobot2_ws/install/micro_ros_setup/./config/freertos/nucleo_f746zg/client-colcon.meta
[1.321s] -- Up-to-date: /home/rens/linorobot2_ws/install/micro_ros_setup/./config/freertos/nucleo_f746zg/create.sh
[1.321s] -- Up-to-date: /home/rens/linorobot2_ws/install/micro_ros_setup/./config/freertos/nucleo_f746zg/client_uros_packages.repos
[1.325s] -- Up-to-date: /home/rens/linorobot2_ws/install/micro_ros_setup/./config/freertos/nucleo_f746zg/board.repos
[1.326s] -- Up-to-date: /home/rens/linorobot2_ws/install/micro_ros_setup/./config/freertos/nucleo_f746zg/build.sh
[1.326s] -- Up-to-date: /home/rens/linorobot2_ws/install/micro_ros_setup/./config/freertos/nucleo_f746zg/configure.sh
[1.327s] -- Up-to-date: /home/rens/linorobot2_ws/install/micro_ros_setup/./config/freertos/dev_ros2_packages.txt
[1.327s] -- Up-to-date: /home/rens/linorobot2_ws/install/micro_ros_setup/./config/freertos/crazyflie21
[1.330s] -- Up-to-date: /home/rens/linorobot2_ws/install/micro_ros_setup/./config/freertos/crazyflie21/package.xml
[1.331s] -- Up-to-date: /home/rens/linorobot2_ws/install/micro_ros_setup/./config/freertos/crazyflie21/flash.sh
[1.332s] -- Up-to-date: /home/rens/linorobot2_ws/install/micro_ros_setup/./config/freertos/crazyflie21/client-colcon.meta
[1.332s] -- Up-to-date: /home/rens/linorobot2_ws/install/micro_ros_setup/./config/freertos/crazyflie21/create.sh
[1.333s] -- Up-to-date: /home/rens/linorobot2_ws/install/micro_ros_setup/./config/freertos/crazyflie21/client_uros_packages.repos
[1.333s] -- Up-to-date: /home/rens/linorobot2_ws/install/micro_ros_setup/./config/freertos/crazyflie21/board.repos
[1.334s] -- Up-to-date: /home/rens/linorobot2_ws/install/micro_ros_setup/./config/freertos/crazyflie21/build.sh
[1.334s] -- Up-to-date: /home/rens/linorobot2_ws/install/micro_ros_setup/./config/freertos/crazyflie21/configure.sh
[1.335s] -- Up-to-date: /home/rens/linorobot2_ws/install/micro_ros_setup/./config/freertos/esp32
[1.335s] -- Up-to-date: /home/rens/linorobot2_ws/install/micro_ros_setup/./config/freertos/esp32/package.xml
[1.336s] -- Up-to-date: /home/rens/linorobot2_ws/install/micro_ros_setup/./config/freertos/esp32/flash.sh
[1.339s] -- Up-to-date: /home/rens/linorobot2_ws/install/micro_ros_setup/./config/freertos/esp32/client-colcon.meta
[1.340s] -- Up-to-date: /home/rens/linorobot2_ws/install/micro_ros_setup/./config/freertos/esp32/create.sh
[1.340s] -- Up-to-date: /home/rens/linorobot2_ws/install/micro_ros_setup/./config/freertos/esp32/client_uros_packages.repos
[1.341s] -- Up-to-date: /home/rens/linorobot2_ws/install/micro_ros_setup/./config/freertos/esp32/board.repos
[1.341s] -- Up-to-date: /home/rens/linorobot2_ws/install/micro_ros_setup/./config/freertos/esp32/README.md
[1.342s] -- Up-to-date: /home/rens/linorobot2_ws/install/micro_ros_setup/./config/freertos/esp32/build.sh
[1.347s] -- Up-to-date: /home/rens/linorobot2_ws/install/micro_ros_setup/./config/freertos/esp32/configure.sh
[1.348s] -- Up-to-date: /home/rens/linorobot2_ws/install/micro_ros_setup/./config/freertos/dev_uros_packages.repos
[1.348s] -- Up-to-date: /home/rens/linorobot2_ws/install/micro_ros_setup/./config/agent_ros2_packages.txt
[1.349s] Invoked command in '/home/rens/linorobot2_ws/build/micro_ros_setup' returned '0': CMAKE_PREFIX_PATH=${CMAKE_PREFIX_PATH}:/opt/ros/jazzy /usr/bin/cmake --install /home/rens/linorobot2_ws/build/micro_ros_setup
