[0.110s] Invoking command in '/home/rens/linorobot2_ws/build/linorobot2_base': CMAKE_PREFIX_PATH=${CMAKE_PREFIX_PATH}:/opt/ros/jazzy /usr/bin/cmake --build /home/rens/linorobot2_ws/build/linorobot2_base -- -j4 -l4
[0.418s] Invoked command in '/home/rens/linorobot2_ws/build/linorobot2_base' returned '0': CMAKE_PREFIX_PATH=${CMAKE_PREFIX_PATH}:/opt/ros/jazzy /usr/bin/cmake --build /home/rens/linorobot2_ws/build/linorobot2_base -- -j4 -l4
[0.525s] Invoking command in '/home/rens/linorobot2_ws/build/linorobot2_base': CMAKE_PREFIX_PATH=${CMAKE_PREFIX_PATH}:/opt/ros/jazzy /usr/bin/cmake --install /home/rens/linorobot2_ws/build/linorobot2_base
[0.652s] -- Install configuration: ""
[0.657s] -- Execute custom install script
[0.668s] -- Up-to-date symlink: /home/rens/linorobot2_ws/install/linorobot2_base/share/linorobot2_base/config/ekf.yaml
[0.669s] -- Up-to-date symlink: /home/rens/linorobot2_ws/install/linorobot2_base/share/ament_index/resource_index/package_run_dependencies/linorobot2_base
[0.672s] -- Up-to-date symlink: /home/rens/linorobot2_ws/install/linorobot2_base/share/ament_index/resource_index/parent_prefix_path/linorobot2_base
[0.678s] -- Up-to-date symlink: /home/rens/linorobot2_ws/install/linorobot2_base/share/linorobot2_base/environment/ament_prefix_path.sh
[0.678s] -- Up-to-date symlink: /home/rens/linorobot2_ws/install/linorobot2_base/share/linorobot2_base/environment/ament_prefix_path.dsv
[0.679s] -- Up-to-date symlink: /home/rens/linorobot2_ws/install/linorobot2_base/share/linorobot2_base/environment/path.sh
[0.686s] -- Up-to-date symlink: /home/rens/linorobot2_ws/install/linorobot2_base/share/linorobot2_base/environment/path.dsv
[0.690s] -- Up-to-date symlink: /home/rens/linorobot2_ws/install/linorobot2_base/share/linorobot2_base/local_setup.bash
[0.691s] -- Up-to-date symlink: /home/rens/linorobot2_ws/install/linorobot2_base/share/linorobot2_base/local_setup.sh
[0.699s] -- Up-to-date symlink: /home/rens/linorobot2_ws/install/linorobot2_base/share/linorobot2_base/local_setup.zsh
[0.701s] -- Up-to-date symlink: /home/rens/linorobot2_ws/install/linorobot2_base/share/linorobot2_base/local_setup.dsv
[0.701s] -- Symlinking: /home/rens/linorobot2_ws/install/linorobot2_base/share/linorobot2_base/package.dsv
[0.819s] -- Up-to-date symlink: /home/rens/linorobot2_ws/install/linorobot2_base/share/ament_index/resource_index/packages/linorobot2_base
[0.829s] -- Up-to-date symlink: /home/rens/linorobot2_ws/install/linorobot2_base/share/linorobot2_base/cmake/linorobot2_baseConfig.cmake
[0.829s] -- Up-to-date symlink: /home/rens/linorobot2_ws/install/linorobot2_base/share/linorobot2_base/cmake/linorobot2_baseConfig-version.cmake
[0.830s] -- Up-to-date symlink: /home/rens/linorobot2_ws/install/linorobot2_base/share/linorobot2_base/package.xml
[0.857s] Invoked command in '/home/rens/linorobot2_ws/build/linorobot2_base' returned '0': CMAKE_PREFIX_PATH=${CMAKE_PREFIX_PATH}:/opt/ros/jazzy /usr/bin/cmake --install /home/rens/linorobot2_ws/build/linorobot2_base
