-- Install configuration: ""
-- Execute custom install script
-- Up-to-date symlink: /home/rens/linorobot2_ws/install/linorobot2_bringup/share/linorobot2_bringup/launch/bringup.launch.py
-- Up-to-date symlink: /home/rens/linorobot2_ws/install/linorobot2_bringup/share/linorobot2_bringup/launch/custom_robot.launch.py
-- Up-to-date symlink: /home/rens/linorobot2_ws/install/linorobot2_bringup/share/linorobot2_bringup/launch/default_robot.launch.py
-- Up-to-date symlink: /home/rens/linorobot2_ws/install/linorobot2_bringup/share/linorobot2_bringup/launch/depth.launch.py
-- Up-to-date symlink: /home/rens/linorobot2_ws/install/linorobot2_bringup/share/linorobot2_bringup/launch/extra.launch.py
-- Up-to-date symlink: /home/rens/linorobot2_ws/install/linorobot2_bringup/share/linorobot2_bringup/launch/joy_teleop.launch.py
-- Up-to-date symlink: /home/rens/linorobot2_ws/install/linorobot2_bringup/share/linorobot2_bringup/launch/lasers.launch.py
-- Up-to-date symlink: /home/rens/linorobot2_ws/install/linorobot2_bringup/share/linorobot2_bringup/launch/sensors.launch.py
-- Up-to-date symlink: /home/rens/linorobot2_ws/install/linorobot2_bringup/share/linorobot2_bringup/config/box_laser_filter.yaml
-- Up-to-date symlink: /home/rens/linorobot2_ws/install/linorobot2_bringup/share/linorobot2_bringup/config/fake_laser.yaml
-- Up-to-date symlink: /home/rens/linorobot2_ws/install/linorobot2_bringup/share/linorobot2_bringup/config/joy.yaml
-- Up-to-date symlink: /home/rens/linorobot2_ws/install/linorobot2_bringup/share/linorobot2_bringup/config/zed_common.yaml
-- Up-to-date symlink: /home/rens/linorobot2_ws/install/linorobot2_bringup/share/ament_index/resource_index/package_run_dependencies/linorobot2_bringup
-- Up-to-date symlink: /home/rens/linorobot2_ws/install/linorobot2_bringup/share/ament_index/resource_index/parent_prefix_path/linorobot2_bringup
-- Up-to-date symlink: /home/rens/linorobot2_ws/install/linorobot2_bringup/share/linorobot2_bringup/environment/ament_prefix_path.sh
-- Up-to-date symlink: /home/rens/linorobot2_ws/install/linorobot2_bringup/share/linorobot2_bringup/environment/ament_prefix_path.dsv
-- Up-to-date symlink: /home/rens/linorobot2_ws/install/linorobot2_bringup/share/linorobot2_bringup/environment/path.sh
-- Up-to-date symlink: /home/rens/linorobot2_ws/install/linorobot2_bringup/share/linorobot2_bringup/environment/path.dsv
-- Up-to-date symlink: /home/rens/linorobot2_ws/install/linorobot2_bringup/share/linorobot2_bringup/local_setup.bash
-- Up-to-date symlink: /home/rens/linorobot2_ws/install/linorobot2_bringup/share/linorobot2_bringup/local_setup.sh
-- Up-to-date symlink: /home/rens/linorobot2_ws/install/linorobot2_bringup/share/linorobot2_bringup/local_setup.zsh
-- Up-to-date symlink: /home/rens/linorobot2_ws/install/linorobot2_bringup/share/linorobot2_bringup/local_setup.dsv
-- Symlinking: /home/rens/linorobot2_ws/install/linorobot2_bringup/share/linorobot2_bringup/package.dsv
-- Up-to-date symlink: /home/rens/linorobot2_ws/install/linorobot2_bringup/share/ament_index/resource_index/packages/linorobot2_bringup
-- Up-to-date symlink: /home/rens/linorobot2_ws/install/linorobot2_bringup/share/linorobot2_bringup/cmake/linorobot2_bringupConfig.cmake
-- Up-to-date symlink: /home/rens/linorobot2_ws/install/linorobot2_bringup/share/linorobot2_bringup/cmake/linorobot2_bringupConfig-version.cmake
-- Up-to-date symlink: /home/rens/linorobot2_ws/install/linorobot2_bringup/share/linorobot2_bringup/package.xml
