[0.152s] Invoking command in '/home/rens/linorobot2_ws/build/linorobot2_base': CMAKE_PREFIX_PATH=${CMAKE_PREFIX_PATH}:/home/rens/linorobot2_ws/install/linorobot2_navigation:/home/rens/linorobot2_ws/install/linorobot2_description:/home/rens/linorobot2_ws/install/linorobot2_base:/home/rens/linorobot2_ws/install/linorobot2:/opt/ros/jazzy /usr/bin/cmake /home/rens/linorobot2_ws/src/linorobot2/linorobot2_base -DAMENT_CMAKE_SYMLINK_INSTALL=1 -DCMAKE_INSTALL_PREFIX=/home/rens/linorobot2_ws/install/linorobot2_base
[0.737s] -- The C compiler identification is GNU 13.3.0
[1.745s] -- The CXX compiler identification is GNU 13.3.0
[1.931s] -- Detecting C compiler ABI info
[2.967s] -- Detecting C compiler ABI info - done
[3.025s] -- Check for working C compiler: /usr/bin/cc - skipped
[3.039s] -- Detecting C compile features
[3.039s] -- Detecting C compile features - done
[3.171s] -- Detecting CXX compiler ABI info
[4.284s] -- Detecting CXX compiler ABI info - done
[4.347s] -- Check for working CXX compiler: /usr/bin/c++ - skipped
[4.353s] -- Detecting CXX compile features
[4.358s] -- Detecting CXX compile features - done
[4.490s] -- Found ament_cmake: 2.5.4 (/opt/ros/jazzy/share/ament_cmake/cmake)
[6.273s] -- Found Python3: /usr/bin/python3 (found version "3.12.3") found components: Interpreter 
[7.254s] -- Override CMake install command with custom implementation using symlinks instead of copying resources
[9.216s] -- Configuring done (9.0s)
[9.279s] -- Generating done (0.0s)
[9.317s] -- Build files have been written to: /home/rens/linorobot2_ws/build/linorobot2_base
[9.343s] Invoked command in '/home/rens/linorobot2_ws/build/linorobot2_base' returned '0': CMAKE_PREFIX_PATH=${CMAKE_PREFIX_PATH}:/home/rens/linorobot2_ws/install/linorobot2_navigation:/home/rens/linorobot2_ws/install/linorobot2_description:/home/rens/linorobot2_ws/install/linorobot2_base:/home/rens/linorobot2_ws/install/linorobot2:/opt/ros/jazzy /usr/bin/cmake /home/rens/linorobot2_ws/src/linorobot2/linorobot2_base -DAMENT_CMAKE_SYMLINK_INSTALL=1 -DCMAKE_INSTALL_PREFIX=/home/rens/linorobot2_ws/install/linorobot2_base
[9.353s] Invoking command in '/home/rens/linorobot2_ws/build/linorobot2_base': CMAKE_PREFIX_PATH=${CMAKE_PREFIX_PATH}:/home/rens/linorobot2_ws/install/linorobot2_navigation:/home/rens/linorobot2_ws/install/linorobot2_description:/home/rens/linorobot2_ws/install/linorobot2_base:/home/rens/linorobot2_ws/install/linorobot2:/opt/ros/jazzy /usr/bin/cmake --build /home/rens/linorobot2_ws/build/linorobot2_base -- -j4 -l4
[9.826s] Invoked command in '/home/rens/linorobot2_ws/build/linorobot2_base' returned '0': CMAKE_PREFIX_PATH=${CMAKE_PREFIX_PATH}:/home/rens/linorobot2_ws/install/linorobot2_navigation:/home/rens/linorobot2_ws/install/linorobot2_description:/home/rens/linorobot2_ws/install/linorobot2_base:/home/rens/linorobot2_ws/install/linorobot2:/opt/ros/jazzy /usr/bin/cmake --build /home/rens/linorobot2_ws/build/linorobot2_base -- -j4 -l4
[9.907s] Invoking command in '/home/rens/linorobot2_ws/build/linorobot2_base': CMAKE_PREFIX_PATH=${CMAKE_PREFIX_PATH}:/home/rens/linorobot2_ws/install/linorobot2_navigation:/home/rens/linorobot2_ws/install/linorobot2_description:/home/rens/linorobot2_ws/install/linorobot2_base:/home/rens/linorobot2_ws/install/linorobot2:/opt/ros/jazzy /usr/bin/cmake --install /home/rens/linorobot2_ws/build/linorobot2_base
[9.995s] -- Install configuration: ""
[10.000s] -- Execute custom install script
[10.001s] -- Symlinking: /home/rens/linorobot2_ws/install/linorobot2_base/share/linorobot2_base/config/ekf.yaml
[10.080s] -- Symlinking: /home/rens/linorobot2_ws/install/linorobot2_base/share/ament_index/resource_index/package_run_dependencies/linorobot2_base
[10.169s] -- Symlinking: /home/rens/linorobot2_ws/install/linorobot2_base/share/ament_index/resource_index/parent_prefix_path/linorobot2_base
[10.322s] -- Symlinking: /home/rens/linorobot2_ws/install/linorobot2_base/share/linorobot2_base/environment/ament_prefix_path.sh
[10.480s] -- Symlinking: /home/rens/linorobot2_ws/install/linorobot2_base/share/linorobot2_base/environment/ament_prefix_path.dsv
[10.587s] -- Symlinking: /home/rens/linorobot2_ws/install/linorobot2_base/share/linorobot2_base/environment/path.sh
[10.665s] -- Symlinking: /home/rens/linorobot2_ws/install/linorobot2_base/share/linorobot2_base/environment/path.dsv
[10.748s] -- Symlinking: /home/rens/linorobot2_ws/install/linorobot2_base/share/linorobot2_base/local_setup.bash
[10.834s] -- Symlinking: /home/rens/linorobot2_ws/install/linorobot2_base/share/linorobot2_base/local_setup.sh
[10.918s] -- Symlinking: /home/rens/linorobot2_ws/install/linorobot2_base/share/linorobot2_base/local_setup.zsh
[10.999s] -- Symlinking: /home/rens/linorobot2_ws/install/linorobot2_base/share/linorobot2_base/local_setup.dsv
[11.111s] -- Symlinking: /home/rens/linorobot2_ws/install/linorobot2_base/share/linorobot2_base/package.dsv
[11.227s] -- Symlinking: /home/rens/linorobot2_ws/install/linorobot2_base/share/ament_index/resource_index/packages/linorobot2_base
[11.330s] -- Symlinking: /home/rens/linorobot2_ws/install/linorobot2_base/share/linorobot2_base/cmake/linorobot2_baseConfig.cmake
[11.439s] -- Symlinking: /home/rens/linorobot2_ws/install/linorobot2_base/share/linorobot2_base/cmake/linorobot2_baseConfig-version.cmake
[11.572s] -- Symlinking: /home/rens/linorobot2_ws/install/linorobot2_base/share/linorobot2_base/package.xml
[11.684s] Invoked command in '/home/rens/linorobot2_ws/build/linorobot2_base' returned '0': CMAKE_PREFIX_PATH=${CMAKE_PREFIX_PATH}:/home/rens/linorobot2_ws/install/linorobot2_navigation:/home/rens/linorobot2_ws/install/linorobot2_description:/home/rens/linorobot2_ws/install/linorobot2_base:/home/rens/linorobot2_ws/install/linorobot2:/opt/ros/jazzy /usr/bin/cmake --install /home/rens/linorobot2_ws/build/linorobot2_base
